Warning: ignoring unsupported tag `ALLOW_UNICODE_NAMES    =' at line 79, file Doxyfile
Warning: ignoring unsupported tag `GROUP_NESTED_COMPOUNDS =' at line 351, file Doxyfile
Warning: ignoring unsupported tag `HIDE_COMPOUND_REFERENCE=' at line 522, file Doxyfile
Warning: ignoring unsupported tag `WARN_AS_ERROR          =' at line 746, file Doxyfile
Warning: Tag `CLANG_ASSISTED_PARSING' at line 1020 of file Doxyfile belongs to an option that was not enabled at compile time.
To avoid this warning please remove this line from your configuration file, upgrade it using "doxygen -u", or recompile doxygen with this feature enabled.
Warning: Tag `CLANG_OPTIONS' at line 1028 of file Doxyfile belongs to an option that was not enabled at compile time.
To avoid this warning please remove this line from your configuration file, upgrade it using "doxygen -u", or recompile doxygen with this feature enabled.
Warning: ignoring unsupported tag `LATEX_EXTRA_STYLESHEET =' at line 1700, file Doxyfile
Warning: ignoring unsupported tag `LATEX_TIMESTAMP        =' at line 1767, file Doxyfile
Warning: ignoring unsupported tag `RTF_SOURCE_CODE        =' at line 1833, file Doxyfile
Warning: ignoring unsupported tag `MAN_SUBDIR             =' at line 1868, file Doxyfile
Warning: ignoring unsupported tag `DOCBOOK_PROGRAMLISTING =' at line 1931, file Doxyfile
Warning: ignoring unsupported tag `PLANTUML_JAR_PATH      =' at line 2362, file Doxyfile
Warning: ignoring unsupported tag `PLANTUML_INCLUDE_PATH  =' at line 2367, file Doxyfile
Parsing layout file DoxygenLayout.xml...
Searching for include files...
Searching for example files...
Searching for images...
Searching for dot files...
Searching for msc files...
Searching for dia files...
Searching for files to exclude
Searching for files in directory /home/travis/build/robotology/wb-toolbox/toolbox/matlab
Searching for files in directory /home/travis/build/robotology/wb-toolbox/toolbox/matlab/+WBToolbox
Searching for files in directory /home/travis/build/robotology/wb-toolbox/toolbox/matlab/library
Searching for files in directory /home/travis/build/robotology/wb-toolbox/toolbox/matlab/library/exported
Searching for files to process...
Searching for files in directory /home/travis/build/robotology/wb-toolbox/toolbox
Searching for files in directory /home/travis/build/robotology/wb-toolbox/toolbox/autogenerated
Searching for files in directory /home/travis/build/robotology/wb-toolbox/toolbox/autogenerated/include
Searching for files in directory /home/travis/build/robotology/wb-toolbox/toolbox/autogenerated/include/thrift
Searching for files in directory /home/travis/build/robotology/wb-toolbox/toolbox/autogenerated/src
Searching for files in directory /home/travis/build/robotology/wb-toolbox/toolbox/autogenerated/src/thrift
Searching for files in directory /home/travis/build/robotology/wb-toolbox/toolbox/include
Searching for files in directory /home/travis/build/robotology/wb-toolbox/toolbox/include/base
Searching for files in directory /home/travis/build/robotology/wb-toolbox/toolbox/matlab
Searching for files in directory /home/travis/build/robotology/wb-toolbox/toolbox/matlab/+WBToolbox
Searching for files in directory /home/travis/build/robotology/wb-toolbox/toolbox/matlab/library
Searching for files in directory /home/travis/build/robotology/wb-toolbox/toolbox/matlab/library/exported
Searching for files in directory /home/travis/build/robotology/wb-toolbox/toolbox/src
Searching for files in directory /home/travis/build/robotology/wb-toolbox/toolbox/src/base
Reading and parsing tag files
Parsing files
Preprocessing /home/travis/build/robotology/wb-toolbox/toolbox/autogenerated/include/thrift/ClockServer.h...
Parsing file /home/travis/build/robotology/wb-toolbox/toolbox/autogenerated/include/thrift/ClockServer.h...
Preprocessing /home/travis/build/robotology/wb-toolbox/toolbox/autogenerated/src/thrift/ClockServer.cpp...
Parsing file /home/travis/build/robotology/wb-toolbox/toolbox/autogenerated/src/thrift/ClockServer.cpp...
Preprocessing /home/travis/build/robotology/wb-toolbox/toolbox/include/base/Block.h...
Parsing file /home/travis/build/robotology/wb-toolbox/toolbox/include/base/Block.h...
Preprocessing /home/travis/build/robotology/wb-toolbox/toolbox/include/base/BlockInformation.h...
Parsing file /home/travis/build/robotology/wb-toolbox/toolbox/include/base/BlockInformation.h...
Preprocessing /home/travis/build/robotology/wb-toolbox/toolbox/include/base/Configuration.h...
Parsing file /home/travis/build/robotology/wb-toolbox/toolbox/include/base/Configuration.h...
Preprocessing /home/travis/build/robotology/wb-toolbox/toolbox/include/base/Log.h...
Parsing file /home/travis/build/robotology/wb-toolbox/toolbox/include/base/Log.h...
Preprocessing /home/travis/build/robotology/wb-toolbox/toolbox/include/base/RobotInterface.h...
Parsing file /home/travis/build/robotology/wb-toolbox/toolbox/include/base/RobotInterface.h...
Preprocessing /home/travis/build/robotology/wb-toolbox/toolbox/include/base/Signal.h...
Parsing file /home/travis/build/robotology/wb-toolbox/toolbox/include/base/Signal.h...
Preprocessing /home/travis/build/robotology/wb-toolbox/toolbox/include/base/SimulinkBlockInformation.h...
Parsing file /home/travis/build/robotology/wb-toolbox/toolbox/include/base/SimulinkBlockInformation.h...
Preprocessing /home/travis/build/robotology/wb-toolbox/toolbox/include/base/toolbox.h...
Parsing file /home/travis/build/robotology/wb-toolbox/toolbox/include/base/toolbox.h...
Preprocessing /home/travis/build/robotology/wb-toolbox/toolbox/include/base/ToolboxSingleton.h...
Parsing file /home/travis/build/robotology/wb-toolbox/toolbox/include/base/ToolboxSingleton.h...
Preprocessing /home/travis/build/robotology/wb-toolbox/toolbox/include/base/WBBlock.h...
Parsing file /home/travis/build/robotology/wb-toolbox/toolbox/include/base/WBBlock.h...
Preprocessing /home/travis/build/robotology/wb-toolbox/toolbox/include/CentroidalMomentum.h...
Parsing file /home/travis/build/robotology/wb-toolbox/toolbox/include/CentroidalMomentum.h...
Preprocessing /home/travis/build/robotology/wb-toolbox/toolbox/include/DiscreteFilter.h...
Parsing file /home/travis/build/robotology/wb-toolbox/toolbox/include/DiscreteFilter.h...
Preprocessing /home/travis/build/robotology/wb-toolbox/toolbox/include/DotJNu.h...
Parsing file /home/travis/build/robotology/wb-toolbox/toolbox/include/DotJNu.h...
Preprocessing /home/travis/build/robotology/wb-toolbox/toolbox/include/ForwardKinematics.h...
Parsing file /home/travis/build/robotology/wb-toolbox/toolbox/include/ForwardKinematics.h...
Preprocessing /home/travis/build/robotology/wb-toolbox/toolbox/include/GetLimits.h...
Parsing file /home/travis/build/robotology/wb-toolbox/toolbox/include/GetLimits.h...
Preprocessing /home/travis/build/robotology/wb-toolbox/toolbox/include/GetMeasurement.h...
Parsing file /home/travis/build/robotology/wb-toolbox/toolbox/include/GetMeasurement.h...
Preprocessing /home/travis/build/robotology/wb-toolbox/toolbox/include/InverseDynamics.h...
Parsing file /home/travis/build/robotology/wb-toolbox/toolbox/include/InverseDynamics.h...
Preprocessing /home/travis/build/robotology/wb-toolbox/toolbox/include/InverseKinematics.h...
Parsing file /home/travis/build/robotology/wb-toolbox/toolbox/include/InverseKinematics.h...
Preprocessing /home/travis/build/robotology/wb-toolbox/toolbox/include/Jacobian.h...
Parsing file /home/travis/build/robotology/wb-toolbox/toolbox/include/Jacobian.h...
Preprocessing /home/travis/build/robotology/wb-toolbox/toolbox/include/MassMatrix.h...
Parsing file /home/travis/build/robotology/wb-toolbox/toolbox/include/MassMatrix.h...
Preprocessing /home/travis/build/robotology/wb-toolbox/toolbox/include/MinimumJerkTrajectoryGenerator.h...
Parsing file /home/travis/build/robotology/wb-toolbox/toolbox/include/MinimumJerkTrajectoryGenerator.h...
Preprocessing /home/travis/build/robotology/wb-toolbox/toolbox/include/ModelPartitioner.h...
Parsing file /home/travis/build/robotology/wb-toolbox/toolbox/include/ModelPartitioner.h...
Preprocessing /home/travis/build/robotology/wb-toolbox/toolbox/include/RealTimeSynchronizer.h...
Parsing file /home/travis/build/robotology/wb-toolbox/toolbox/include/RealTimeSynchronizer.h...
Preprocessing /home/travis/build/robotology/wb-toolbox/toolbox/include/RemoteInverseKinematics.h...
Parsing file /home/travis/build/robotology/wb-toolbox/toolbox/include/RemoteInverseKinematics.h...
Preprocessing /home/travis/build/robotology/wb-toolbox/toolbox/include/SetLowLevelPID.h...
Parsing file /home/travis/build/robotology/wb-toolbox/toolbox/include/SetLowLevelPID.h...
Preprocessing /home/travis/build/robotology/wb-toolbox/toolbox/include/SetReferences.h...
Parsing file /home/travis/build/robotology/wb-toolbox/toolbox/include/SetReferences.h...
Preprocessing /home/travis/build/robotology/wb-toolbox/toolbox/include/SimulatorSynchronizer.h...
Parsing file /home/travis/build/robotology/wb-toolbox/toolbox/include/SimulatorSynchronizer.h...
Preprocessing /home/travis/build/robotology/wb-toolbox/toolbox/include/YarpClock.h...
Parsing file /home/travis/build/robotology/wb-toolbox/toolbox/include/YarpClock.h...
Preprocessing /home/travis/build/robotology/wb-toolbox/toolbox/include/YarpRead.h...
Parsing file /home/travis/build/robotology/wb-toolbox/toolbox/include/YarpRead.h...
Preprocessing /home/travis/build/robotology/wb-toolbox/toolbox/include/YarpWrite.h...
Parsing file /home/travis/build/robotology/wb-toolbox/toolbox/include/YarpWrite.h...
Preprocessing /home/travis/build/robotology/wb-toolbox/toolbox/src/base/Block.cpp...
Parsing file /home/travis/build/robotology/wb-toolbox/toolbox/src/base/Block.cpp...
Preprocessing /home/travis/build/robotology/wb-toolbox/toolbox/src/base/BlockInformation.cpp...
Parsing file /home/travis/build/robotology/wb-toolbox/toolbox/src/base/BlockInformation.cpp...
Preprocessing /home/travis/build/robotology/wb-toolbox/toolbox/src/base/Configuration.cpp...
Parsing file /home/travis/build/robotology/wb-toolbox/toolbox/src/base/Configuration.cpp...
Preprocessing /home/travis/build/robotology/wb-toolbox/toolbox/src/base/factory.cpp...
Parsing file /home/travis/build/robotology/wb-toolbox/toolbox/src/base/factory.cpp...
Preprocessing /home/travis/build/robotology/wb-toolbox/toolbox/src/base/Log.cpp...
Parsing file /home/travis/build/robotology/wb-toolbox/toolbox/src/base/Log.cpp...
Preprocessing /home/travis/build/robotology/wb-toolbox/toolbox/src/base/RobotInterface.cpp...
Parsing file /home/travis/build/robotology/wb-toolbox/toolbox/src/base/RobotInterface.cpp...
Preprocessing /home/travis/build/robotology/wb-toolbox/toolbox/src/base/Signal.cpp...
Parsing file /home/travis/build/robotology/wb-toolbox/toolbox/src/base/Signal.cpp...
Preprocessing /home/travis/build/robotology/wb-toolbox/toolbox/src/base/SimulinkBlockInformation.cpp...
Parsing file /home/travis/build/robotology/wb-toolbox/toolbox/src/base/SimulinkBlockInformation.cpp...
Preprocessing /home/travis/build/robotology/wb-toolbox/toolbox/src/base/toolbox.cpp...
Parsing file /home/travis/build/robotology/wb-toolbox/toolbox/src/base/toolbox.cpp...
Preprocessing /home/travis/build/robotology/wb-toolbox/toolbox/src/base/ToolboxSingleton.cpp...
Parsing file /home/travis/build/robotology/wb-toolbox/toolbox/src/base/ToolboxSingleton.cpp...
Preprocessing /home/travis/build/robotology/wb-toolbox/toolbox/src/base/WBBlock.cpp...
Parsing file /home/travis/build/robotology/wb-toolbox/toolbox/src/base/WBBlock.cpp...
Preprocessing /home/travis/build/robotology/wb-toolbox/toolbox/src/CentroidalMomentum.cpp...
Parsing file /home/travis/build/robotology/wb-toolbox/toolbox/src/CentroidalMomentum.cpp...
Preprocessing /home/travis/build/robotology/wb-toolbox/toolbox/src/DiscreteFilter.cpp...
Parsing file /home/travis/build/robotology/wb-toolbox/toolbox/src/DiscreteFilter.cpp...
Preprocessing /home/travis/build/robotology/wb-toolbox/toolbox/src/DotJNu.cpp...
Parsing file /home/travis/build/robotology/wb-toolbox/toolbox/src/DotJNu.cpp...
Preprocessing /home/travis/build/robotology/wb-toolbox/toolbox/src/ForwardKinematics.cpp...
Parsing file /home/travis/build/robotology/wb-toolbox/toolbox/src/ForwardKinematics.cpp...
Preprocessing /home/travis/build/robotology/wb-toolbox/toolbox/src/GetLimits.cpp...
Parsing file /home/travis/build/robotology/wb-toolbox/toolbox/src/GetLimits.cpp...
Preprocessing /home/travis/build/robotology/wb-toolbox/toolbox/src/GetMeasurement.cpp...
Parsing file /home/travis/build/robotology/wb-toolbox/toolbox/src/GetMeasurement.cpp...
Preprocessing /home/travis/build/robotology/wb-toolbox/toolbox/src/InverseDynamics.cpp...
Parsing file /home/travis/build/robotology/wb-toolbox/toolbox/src/InverseDynamics.cpp...
Preprocessing /home/travis/build/robotology/wb-toolbox/toolbox/src/InverseKinematics.cpp...
Parsing file /home/travis/build/robotology/wb-toolbox/toolbox/src/InverseKinematics.cpp...
Preprocessing /home/travis/build/robotology/wb-toolbox/toolbox/src/Jacobian.cpp...
Parsing file /home/travis/build/robotology/wb-toolbox/toolbox/src/Jacobian.cpp...
Preprocessing /home/travis/build/robotology/wb-toolbox/toolbox/src/MassMatrix.cpp...
Parsing file /home/travis/build/robotology/wb-toolbox/toolbox/src/MassMatrix.cpp...
Preprocessing /home/travis/build/robotology/wb-toolbox/toolbox/src/MinimumJerkTrajectoryGenerator.cpp...
Parsing file /home/travis/build/robotology/wb-toolbox/toolbox/src/MinimumJerkTrajectoryGenerator.cpp...
Preprocessing /home/travis/build/robotology/wb-toolbox/toolbox/src/ModelPartitioner.cpp...
Parsing file /home/travis/build/robotology/wb-toolbox/toolbox/src/ModelPartitioner.cpp...
Preprocessing /home/travis/build/robotology/wb-toolbox/toolbox/src/RealTimeSynchronizer.cpp...
Parsing file /home/travis/build/robotology/wb-toolbox/toolbox/src/RealTimeSynchronize/home/travis/build/robotology/wb-toolbox/toolbox/src/base/RobotInterface.cpp:226: warning: documented symbol `const std::shared_ptr< ControlledJointsMapCB > RobotInterface::getControlledJointsMapCB' was not declared or defined.
r.cpp...
Preprocessing /home/travis/build/robotology/wb-toolbox/toolbox/src/RemoteInverseKinematics.cpp...
Parsing file /home/travis/build/robotology/wb-toolbox/toolbox/src/RemoteInverseKinematics.cpp...
Preprocessing /home/travis/build/robotology/wb-toolbox/toolbox/src/SetLowLevelPID.cpp...
Parsing file /home/travis/build/robotology/wb-toolbox/toolbox/src/SetLowLevelPID.cpp...
Preprocessing /home/travis/build/robotology/wb-toolbox/toolbox/src/SetReferences.cpp...
Parsing file /home/travis/build/robotology/wb-toolbox/toolbox/src/SetReferences.cpp...
Preprocessing /home/travis/build/robotology/wb-toolbox/toolbox/src/SimulatorSynchronizer.cpp...
Parsing file /home/travis/build/robotology/wb-toolbox/toolbox/src/SimulatorSynchronizer.cpp...
Preprocessing /home/travis/build/robotology/wb-toolbox/toolbox/src/YarpClock.cpp...
Parsing file /home/travis/build/robotology/wb-toolbox/toolbox/src/YarpClock.cpp...
Preprocessing /home/travis/build/robotology/wb-toolbox/toolbox/src/YarpRead.cpp...
Parsing file /home/travis/build/robotology/wb-toolbox/toolbox/src/YarpRead.cpp...
Preprocessing /home/travis/build/robotology/wb-toolbox/toolbox/src/YarpWrite.cpp...
Parsing file /home/travis/build/robotology/wb-toolbox/toolbox/src/YarpWrite.cpp...
Reading /home/travis/build/robotology/wb-toolbox/doc/doxygen/index.md...
Building group list...
Building directory list...
Building namespace list...
Building file list...
Building class list...
Associating documentation with classes...
Computing nesting relations for classes...
Building example list...
Searching for enumerations...
Searching for documented typedefs...
Searching for members imported via using declarations...
Searching for included using directives...
Searching for documented variables...
Building interface member list...
Building member list...
Searching for friends...
Searching for documented defines...
Computing class inheritance relations...
Computing class usage relations...
Flushing cached template relations that have become invalid...
Creating members for template instances...
Computing class relations...
Add enum values to enums...
Searching for member function documentation...
Building page list...
Search for main page...
Computing page relations...
Determining the scope of groups...
Sorting lists...
Freeing entry tree
Determining which enums are documented
Computing member relations...
Building full member lists recursively...
Adding members to member groups.
Computing member references...
Inheriting documentation...
Generating disk names...
Adding source references...
Adding xrefitems...
Sorting member lists...
Computing dependencies between directories...
Generating citations page...
Counting data structures...
Resolving user defined references...
Finding anchors and sections in the documentation...
Transferring function references...
Combining using relations...
Adding members to index pages...
Generating style sheet...
Generating search indices...
Generating example documentation...
Generating file sources...
Generating code for file /home/travis/build/robotology/wb-toolbox/toolbox/autogenerated/include/thrift/ClockServer.h...
Generating code for file /home/travis/build/robotology/wb-toolbox/toolbox/include/base/Block.h...
Generating code for file /home/travis/build/robotology/wb-toolbox/toolbox/include/base/BlockInformation.h...
Generating code for file /home/travis/build/robotology/wb-toolbox/toolbox/include/base/Configuration.h...
Generating code for file /home/travis/build/robotology/wb-toolbox/toolbox/include/base/Log.h...
Generating code for file /home/travis/build/robotology/wb-toolbox/toolbox/include/base/RobotInterface.h...
Generating code for file /home/travis/build/robotology/wb-toolbox/toolbox/include/base/Signal.h...
Generating code for file /home/travis/build/robotology/wb-toolbox/toolbox/include/base/SimulinkBlockInformation.h...
Generating code for file /home/travis/build/robotology/wb-toolbox/toolbox/include/base/toolbox.h...
Generating code for file /home/travis/build/robotology/wb-toolbox/toolbox/include/base/ToolboxSingleton.h...
Generating code for file /home/travis/build/robotology/wb-toolbox/toolbox/include/base/WBBlock.h...
Generating code for file /home/travis/build/robotology/wb-toolbox/toolbox/include/CentroidalMomentum.h...
Generating code for file /home/travis/build/robotology/wb-toolbox/toolbox/include/DiscreteFilter.h...
Generating code for file /home/travis/build/robotology/wb-toolbox/toolbox/include/DotJNu.h...
Generating code for file /home/travis/build/robotology/wb-toolbox/toolbox/include/ForwardKinematics.h...
Generating code for file /home/travis/build/robotology/wb-toolbox/toolbox/include/GetLimits.h...
Generating code for file /home/travis/build/robotology/wb-toolbox/toolbox/include/GetMeasurement.h...
Generating code for file /home/travis/build/robotology/wb-toolbox/toolbox/include/InverseDynamics.h...
Generating code for file /home/travis/build/robotology/wb-toolbox/toolbox/include/InverseKinematics.h...
Generating code for file /home/travis/build/robotology/wb-toolbox/toolbox/include/Jacobian.h...
Generating code for file /home/travis/build/robotology/wb-toolbox/toolbox/include/MassMatrix.h...
Generating code for file /home/travis/build/robotology/wb-toolbox/toolbox/include/MinimumJerkTrajectoryGenerator.h...
Generating code for file /home/travis/build/robotology/wb-toolbox/toolbox/include/ModelPartitioner.h...
Generating code for file /home/travis/build/robotology/wb-toolbox/toolbox/include/RealTimeSynchronizer.h...
Generating code for file /home/travis/build/robotology/wb-toolbox/toolbox/include/RemoteInverseKinematics.h...
Generating code for file /home/travis/build/robotology/wb-toolbox/toolbox/include/SetLowLevelPID.h...
Generating code for file /home/travis/build/robotology/wb-toolbox/toolbox/include/SetReferences.h...
Generating code for file /home/travis/build/robotology/wb-toolbox/toolbox/include/SimulatorSynchronizer.h...
Generating code for file /home/travis/build/robotology/wb-toolbox/toolbox/include/YarpClock.h...
Generating code for file /home/travis/build/robotology/wb-toolbox/toolbox/include/YarpRead.h...
Generating code for file /home/travis/build/robotology/wb-toolbox/toolbox/include/YarpWrite.h...
Generating file documentation...
Generating docs for file index.md...
Generating docs for file /home/travis/build/robotology/wb-toolbox/toolbox/autogenerated/include/thrift/ClockServer.h...
Generating docs for file /home/travis/build/robotology/wb-toolbox/toolbox/autogenerated/src/thrift/ClockServer.cpp...
Generating docs for file /home/travis/build/robotology/wb-toolbox/toolbox/include/base/Block.h...
Generating docs for file /home/travis/build/robotology/wb-toolbox/toolbox/include/base/BlockInformation.h...
Generating docs for file /home/travis/build/robotology/wb-toolbox/toolbox/include/base/Configuration.h...
Generating docs for file /home/travis/build/robotology/wb-toolbox/toolbox/include/base/Log.h...
Generating docs for file /home/travis/build/robotology/wb-toolbox/toolbox/include/base/RobotInterface.h...
Generating docs for file /home/travis/build/robotology/wb-toolbox/toolbox/include/base/Signal.h...
Generating docs for file /home/travis/build/robotology/wb-toolbox/toolbox/include/base/SimulinkBlockInformation.h...
Generating docs for file /home/travis/build/robotology/wb-toolbox/toolbox/include/base/toolbox.h...
Generating docs for file /home/travis/build/robotology/wb-toolbox/toolbox/include/base/ToolboxSingleton.h...
Generating docs for file /home/travis/build/robotology/wb-toolbox/toolbox/include/base/WBBlock.h...
Generating docs for file /home/travis/build/robotology/wb-toolbox/toolbox/include/CentroidalMomentum.h...
Generating docs for file /home/travis/build/robotology/wb-toolbox/toolbox/include/DiscreteFilter.h...
Generating docs for file /home/travis/build/robotology/wb-toolbox/toolbox/include/DotJNu.h...
Generating docs for file /home/travis/build/robotology/wb-toolbox/toolbox/include/ForwardKinematics.h...
Generating docs for file /home/travis/build/robotology/wb-toolbox/toolbox/include/GetLimits.h...
Generating docs for file /home/travis/build/robotology/wb-toolbox/toolbox/include/GetMeasurement.h...
Generating docs for file /home/travis/build/robotology/wb-toolbox/toolbox/include/InverseDynamics.h...
Generating docs for file /home/travis/build/robotology/wb-toolbox/toolbox/include/InverseKinematics.h...
Generating docs for file /home/travis/build/robotology/wb-toolbox/toolbox/include/Jacobian.h...
Generating docs for file /home/travis/build/robotology/wb-toolbox/toolbox/include/MassMatrix.h...
Generating docs for file /home/travis/build/robotology/wb-toolbox/toolbox/include/MinimumJerkTrajectoryGenerator.h...
Generating docs for file /home/travis/build/robotology/wb-toolbox/toolbox/include/ModelPartitioner.h...
Generating docs for file /home/travis/build/robotology/wb-toolbox/toolbox/include/RealTimeSynchronizer.h...
Generating docs for file /home/travis/build/robotology/wb-toolbox/toolbox/include/RemoteInverseKinematics.h...
Generating docs for file /home/travis/build/robotology/wb-toolbox/toolbox/include/SetLowLevelPID.h...
Generating docs for file /home/travis/build/robotology/wb-toolbox/toolbox/include/SetReferences.h...
Generating docs for file /home/travis/build/robotology/wb-toolbox/toolbox/include/SimulatorSynchronizer.h...
Generating docs for file /home/travis/build/robotology/wb-toolbox/toolbox/include/YarpClock.h...
Generating docs for file /home/travis/build/robotology/wb-toolbox/toolbox/include/YarpRead.h...
Generating docs for file /home/travis/build/robotology/wb-toolbox/toolbox/include/YarpWrite.h...
Generating docs for file /home/travis/build/robotology/wb-toolbox/toolbox/src/base/Block.cpp...
Generating docs for file /home/travis/build/robotology/wb-toolbox/toolbox/src/base/BlockInformation.cpp...
Generating docs for file /home/travis/build/robotology/wb-toolbox/toolbox/src/base/Configuration.cpp...
Generating docs for file /home/travis/build/robotology/wb-toolbox/toolbox/src/base/factory.cpp...
Generating docs for file /home/travis/build/robotology/wb-toolbox/toolbox/src/base/Log.cpp...
Generating docs for file /home/travis/build/robotology/wb-toolbox/toolbox/src/base/RobotInterface.cpp...
Generating docs for file /home/travis/build/robotology/wb-toolbox/toolbox/src/base/Signal.cpp...
Generating docs for file /home/travis/build/robotology/wb-toolbox/toolbox/src/base/SimulinkBlockInformation.cpp...
Generating docs for file /home/travis/build/robotology/wb-toolbox/toolbox/src/base/toolbox.cpp...
Generating docs for file /home/travis/build/robotology/wb-toolbox/toolbox/src/base/ToolboxSingleton.cpp...
Generating docs for file /home/travis/build/robotology/wb-toolbox/toolbox/src/base/WBBlock.cpp...
Generating docs for file /home/travis/build/robotology/wb-toolbox/toolbox/src/CentroidalMomentum.cpp...
Generating docs for file /home/travis/build/robotology/wb-toolbox/toolbox/src/DiscreteFilter.cpp...
Generating docs for file /home/travis/build/robotology/wb-toolbox/toolbox/src/DotJNu.cpp...
Generating docs for file /home/travis/build/robotology/wb-toolbox/toolbox/src/ForwardKinematics.cpp...
Generating docs for file /home/travis/build/robotology/wb-toolbox/toolbox/src/GetLimits.cpp...
Generating docs for file /home/travis/build/robotology/wb-toolbox/toolbox/src/GetMeasurement.cpp...
Generating docs for file /home/travis/build/robotology/wb-toolbox/toolbox/src/InverseDynamics.cpp...
Generating docs for file /home/travis/build/robotology/wb-toolbox/toolbox/src/InverseKinematics.cpp...
Generating docs for file /home/travis/build/robotology/wb-toolbox/toolbox/src/Jacobian.cpp...
Generating docs for file /home/travis/build/robotology/wb-toolbox/toolbox/src/MassMatrix.cpp...
Generating docs for file /home/travis/build/robotology/wb-toolbox/toolbox/src/MinimumJerkTrajectoryGenerator.cpp...
Generating docs for file /home/travis/build/robotology/wb-toolbox/toolbox/src/ModelPartitioner.cpp...
Generating docs for file /home/travis/build/robotology/wb-toolbox/toolbox/src/RealTimeSynchronizer.cpp...
Generating docs for file /home/travis/build/robotology/wb-toolbox/toolbox/src/RemoteInverseKinematics.cpp...
Generating docs for file /home/travis/build/robotology/wb-toolbox/toolbox/src/SetLowLevelPID.cpp...
Generating docs for f/home/travis/build/robotology/wb-toolbox/toolbox/include/base/Block.h:21: warning: Found unknown command `\Note'
/home/travis/build/robotology/wb-toolbox/toolbox/include/base/Block.h:120: warning: argument 'S' of command @param is not found in the argument list of wbt::Block::checkParameters(const BlockInformation *blockInfo)
/home/travis/build/robotology/wb-toolbox/toolbox/include/base/Block.h:120: warning: The following parameters of wbt::Block::checkParameters(const BlockInformation *blockInfo) are not documented:
  parameter 'blockInfo'
/home/travis/build/robotology/wb-toolbox/toolbox/include/base/Block.h:112: warning: Found unknown command `\Note'
/home/travis/build/robotology/wb-toolbox/toolbox/include/base/Block.h:107: warning: argument 'S' of command @param is not found in the argument list of wbt::Block::configureSizeAndPorts(BlockInformation *blockInfo)=0
/home/travis/build/robotology/wb-toolbox/toolbox/include/base/Block.h:107: warning: The following parameters of wbt::Block::configureSizeAndPorts(BlockInformation *blockInfo)=0 are not documented:
  parameter 'blockInfo'
/home/travis/build/robotology/wb-toolbox/toolbox/include/base/Block.h:132: warning: Found unknown command `\Note'
/home/travis/build/robotology/wb-toolbox/toolbox/include/base/Block.h:129: warning: argument 'S' of command @param is not found in the argument list of wbt::Block::initialize(const BlockInformation *blockInfo)=0
/home/travis/build/robotology/wb-toolbox/toolbox/include/base/Block.h:129: warning: The following parameters of wbt::Block::initialize(const BlockInformation *blockInfo)=0 are not documented:
  parameter 'blockInfo'
/home/travis/build/robotology/wb-toolbox/toolbox/include/base/Block.h:140: warning: argument 'S' of command @param is not found in the argument list of wbt::Block::initializeInitialConditions(const BlockInformation *blockInfo)
/home/travis/build/robotology/wb-toolbox/toolbox/include/base/Block.h:140: warning: The following parameters of wbt::Block::initializeInitialConditions(const BlockInformation *blockInfo) are not documented:
  parameter 'blockInfo'
/home/travis/build/robotology/wb-toolbox/toolbox/include/base/Block.h:165: warning: argument 'S' of command @param is not found in the argument list of wbt::Block::output(const BlockInformation *blockInfo)=0
/home/travis/build/robotology/wb-toolbox/toolbox/include/base/Block.h:169: warning: expected whitespace after error command
/home/travis/build/robotology/wb-toolbox/toolbox/include/base/Block.h:165: warning: The following parameters of wbt::Block::output(const BlockInformation *blockInfo)=0 are not documented:
  parameter 'blockInfo'
/home/travis/build/robotology/wb-toolbox/toolbox/include/base/Block.h:100: warning: Found unknown command `\Note'
/home/travis/build/robotology/wb-toolbox/toolbox/include/base/Block.h:101: warning: expected whitespace after index command
/home/travis/build/robotology/wb-toolbox/toolbox/include/base/Block.h:102: warning: expected whitespace after tunable command
/home/travis/build/robotology/wb-toolbox/toolbox/include/base/Block.h:88: warning: argument 'S' of command @param is not found in the argument list of wbt::Block::stateDerivative(const BlockInformation *blockInfo)
/home/travis/build/robotology/wb-toolbox/toolbox/include/base/Block.h:88: warning: The following parameters of wbt::Block::stateDerivative(const BlockInformation *blockInfo) are not documented:
  parameter 'blockInfo'
/home/travis/build/robotology/wb-toolbox/toolbox/include/base/Block.h:152: warning: argument 'S' of command @param is not found in the argument list of wbt::Block::terminate(const BlockInformation *blockInfo)=0
/home/travis/build/robotology/wb-toolbox/toolbox/include/base/Block.h:152: warning: The following parameters of wbt::Block::terminate(const BlockInformation *blockInfo)=0 are not documented:
  parameter 'blockInfo'
/home/travis/build/robotology/wb-toolbox/toolbox/include/base/Block.h:79: warning: argument 'S' of command @param is not found in the argument list of wbt::Block::updateDiscreteState(const BlockInformation *blockInfo)
/home/travis/build/robotology/wb-toolbox/toolbox/include/base/Block.h:79: warning: The following parameters of wbt::Block::updateDiscreteState(const BlockInformation *blockInfo) are not documented:
  parameter 'blockInfo'
/home/travis/build/robotology/wb-toolbox/toolbox/include/base/BlockInformation.h:52: warning: expected whitespace after stringParameter command
/home/travis/build/robotology/wb-toolbox/toolbox/include/base/BlockInformation.h:49: warning: The following parameters of wbt::BlockInformation::getStringParameterAtIndex(unsigned parameterIndex, std::string &stringParameter) const =0 are not documented:
  parameter 'stringParameter'
/home/travis/build/robotology/wb-toolbox/toolbox/include/base/BlockInformation.h:52: warning: expected whitespace after stringParameter command
/home/travis/build/robotology/wb-toolbox/toolbox/include/base/SimulinkBlockInformation.h:33: warning: The following parameters of wbt::SimulinkBlockInformation::getStringParameterAtIndex(unsigned parameterIndex, std::string &stringParameter) const are not documented:
  parameter 'stringParameter'
/home/travis/build/robotology/wb-toolbox/toolbox/include/base/Block.h:112: warning: Found unknown command `\Note'
/home/travis/build/robotology/wb-toolbox/toolbox/include/base/WBBlock.h:83: warning: argument 'S' of command @param is not found in the argument list of wbt::WBBlock::configureSizeAndPorts(BlockInformation *blockInfo) inherited from member configureSizeAndPorts at line 107 in file /home/travis/build/robotology/wb-toolbox/toolbox/include/base/Block.h
/home/travis/build/robotology/wb-toolbox/toolbox/include/base/WBBlock.h:83: warning: The following parameters of wbt::WBBlock::configureSizeAndPorts(BlockInformation *blockInfo) are not documented:
  parameter 'blockInfo'
/home/travis/build/robotology/wb-toolbox/toolbox/include/base/Block.h:132: warning: Found unknown command `\Note'
/home/travis/build/robotology/wb-toolbox/toolbox/include/base/WBBlock.h:84: warning: argument 'S' of command @param is not found in the argument list of wbt::WBBlock::initialize(const BlockInformation *blockInfo) inherited from member initialize at line 129 in file /home/travis/build/robotology/wb-toolbox/toolbox/include/base/Block.h
/home/travis/build/robotology/wb-toolbox/toolbox/include/base/WBBlock.h:84: warning: The following parameters of wbt::WBBlock::initialize(const BlockInformation *blockInfo) are not documented:
  parameter 'blockInfo'
/home/travis/build/robotology/wb-toolbox/toolbox/include/base/WBBlock.h:85: warning: argument 'S' of command @param is not found in the argument list of wbt::WBBlock::terminate(const BlockInformation *blockInfo) inherited from member terminate at line 152 in file /home/travis/build/robotology/wb-toolbox/toolbox/include/base/Block.h
/home/travis/build/robotology/wb-toolbox/toolbox/include/base/WBBlock.h:85: warning: The following parameters of wbt::WBBlock::terminate(const BlockInformation *blockInfo) are not documented:
  parameter 'blockInfo'
/home/travis/build/robotology/wb-toolbox/toolbox/include/base/Block.h:112: warning: Found unknown command `\Note'
/home/travis/build/robotology/wb-toolbox/toolbox/include/CentroidalMomentum.h:32: warning: argument 'S' of command @param is not found in the argument list of wbt::CentroidalMomentum::configureSizeAndPorts(BlockInformation *blockInfo) inherited from member configureSizeAndPorts at line 107 in file /home/travis/build/robotology/wb-toolbox/toolbox/include/base/Block.h
/home/travis/build/robotology/wb-toolbox/toolbox/include/CentroidalMomentum.h:32: warning: The following parameters of wbt::CentroidalMomentum::configureSizeAndPorts(BlockInformation *blockInfo) are not documented:
  parameter 'blockInfo'
/home/travis/build/robotology/wb-toolbox/toolbox/include/base/Block.h:132: warning: Found unknown command `\Note'
/home/travis/build/robotology/wb-toolbox/toolbox/include/CentroidalMomentum.h:34: warning: argument 'S' of command @param is not found in the argument list of wbt::CentroidalMomentum::initialize(const BlockInformation *blockInfo) inherited from member initialize at line 129 in file /home/travis/build/robotology/wb-toolbox/toolbox/include/base/Block.h
/home/travis/build/robotology/wb-toolbox/toolbox/include/CentroidalMomentum.h:34: warning: The following parameters of wbt::CentroidalMomentum::initialize(const BlockInformation *blockInfo) are not documented:
  parameter 'blockInfo'
/home/travis/build/robotology/wb-toolbox/toolbox/include/CentroidalMomentum.h:36: warning: argument 'S' of command @param is not found in the argument list of wbt::CentroidalMomentum::output(const BlockInformation *blockInfo) inherited from member output at line 165 in file /home/travis/build/robotology/wb-toolbox/toolbox/include/base/Block.h
/home/travis/build/robotology/wb-toolbox/toolbox/include/base/Block.h:169: warning: expected whitespace after error command
/home/travis/build/robotology/wb-toolbox/toolbox/include/CentroidalMomentum.h:36: warning: The following parameters of wbt::CentroidalMomentum::output(const BlockInformation *blockInfo) are not documented:
  parameter 'blockInfo'
/home/travis/build/robotology/wb-toolbox/toolbox/include/CentroidalMomentum.h:35: warning: argument 'S' of command @param is not found in the argument list of wbt::CentroidalMomentum::terminate(const BlockInformation *blockInfo) inherited from member terminate at line 152 in file /home/travis/build/robotology/wb-toolbox/toolbox/include/base/Block.h
/home/travis/build/robotology/wb-toolbox/toolbox/include/CentroidalMomentum.h:35: warning: The following parameters of wbt::CentroidalMomentum::terminate(const BlockInformation *blockInfo) are not documented:
  parameter 'blockInfo'
/home/travis/build/robotology/wb-toolbox/toolbox/include/base/Block.h:112: warning: Found unknown command `\Note'
/home/travis/build/robotology/wb-toolbox/toolbox/include/DiscreteFilter.h:58: warning: argument 'S' of command @param is not found in the argument list of wbt::DiscreteFilter::configureSizeAndPorts(BlockInformation *blockInfo) inherited from member configureSizeAndPorts at line 107 in file /home/travis/build/robotology/wb-toolbox/toolbox/include/base/Block.h
/home/travis/build/robotology/wb-toolbox/toolbox/include/DiscreteFilter.h:58: warning: The following parameters of wbt::DiscreteFilter::configureSizeAndPorts(BlockInformation *blockInfo) are not documented:
  parameter 'blockInfo'
/home/travis/build/robotology/wb-toolbox/toolbox/include/base/Block.h:132: warning: Found unknown command `\Note'
/home/travis/build/robotology/wb-toolbox/toolbox/include/DiscreteFilter.h:59: warning: argument 'S' of command @param is not found in the argument list of wbt::DiscreteFilter::initialize(const BlockInformation *blockInfo) inherited from member initialize at line 129 in file /home/travis/build/robotology/wb-toolbox/toolbox/include/base/Block.h
/home/travis/build/robotology/wb-toolbox/toolbox/include/DiscreteFilter.h:59: warning: The following parameters of wbt::DiscreteFilter::initialize(const BlockInformation *blockInfo) are not documented:
  parameter 'blockInfo'
/home/travis/build/robotology/wb-toolbox/toolbox/include/DiscreteFilter.h:60: warning: argument 'S' of command @param is not found in the argument list of wbt::DiscreteFilter::initializeInitialConditions(const BlockInformation *blockInfo) inherited from member initializeInitialConditions at line 140 in file /home/travis/build/robotology/wb-toolbox/toolbox/include/base/Block.h
/home/travis/build/robotology/wb-toolbox/toolbox/include/DiscreteFilter.h:60: warning: The following parameters of wbt::DiscreteFilter::initializeInitialConditions(const BlockInformation *blockInfo) are not documented:
  parameter 'blockInfo'
/home/travis/build/robotology/wb-toolbox/toolbox/include/DiscreteFilter.h:62: warning: argument 'S' of command @param is not found in the argument list of wbt::DiscreteFilter::output(const BlockInformation *blockInfo) inherited from member output at line 165 in file /home/travis/build/robotology/wb-toolbox/toolbox/include/base/Block.h
/home/travis/build/robotology/wb-toolbox/toolbox/include/base/Block.h:169: warning: expected whitespace after error command
/home/travis/build/robotology/wb-toolbox/toolbox/include/DiscreteFilter.h:62: warning: The following parameters of wbt::DiscreteFilter::output(const BlockInformation *blockInfo) are not documented:
  parameter 'blockInfo'
/home/travis/build/robotology/wb-toolbox/toolbox/include/DiscreteFilter.h:61: warning: argument 'S' of command @param is not found in the argument list of wbt::DiscreteFilter::terminate(const BlockInformation *blockInfo) inherited from member terminate at line 152 in file /home/travis/build/robotology/wb-toolbox/toolbox/include/base/Block.h
/home/travis/build/robotology/wb-toolbox/toolbox/include/DiscreteFilter.h:61: warning: The following parameters of wbt::DiscreteFilter::terminate(const BlockInformation *blockInfo) are not documented:
  parameter 'blockInfo'
/home/travis/build/robotology/wb-toolbox/toolbox/include/base/Block.h:112: warning: Found unknown command `\Note'
/home/travis/build/robotology/wb-toolbox/toolbox/include/DotJNu.h:36: warning: argument 'S' of command @param is not found in the argument list of wbt::DotJNu::configureSizeAndPorts(BlockInformation *blockInfo) inherited from member configureSizeAndPorts at line 107 in file /home/travis/build/robotology/wb-toolbox/toolbox/include/base/Block.h
/home/travis/build/robotology/wb-toolbox/toolbox/include/DotJNu.h:36: warning: The following parameters of wbt::DotJNu::configureSizeAndPorts(BlockInformation *blockInfo) are not documented:
  parameter 'blockInfo'
/home/travis/build/robotology/wb-toolbox/toolbox/include/base/Block.h:132: warning: Found unknown command `\Note'
/home/travis/build/robotology/wb-toolbox/toolbox/include/DotJNu.h:38: warning: argument 'S' of command @param is not found in the argument list of wbt::DotJNu::initialize(const BlockInformation *blockInfo) inherited from member initialize at line 129 in file /home/travis/build/robotology/wb-toolbox/toolbox/include/base/Block.h
/home/travis/build/robotology/wb-toolbox/toolbox/include/DotJNu.h:38: warning: The following parameters of wbt::DotJNu::initialize(const BlockInformation *blockInfo) are not documented:
  parameter 'blockInfo'
/home/travis/build/robotology/wb-toolbox/toolbox/include/DotJNu.h:40: warning: argument 'S' of command @param is not found in the argument list of wbt::DotJNu::output(const BlockInformation *blockInfo) inherited from member output at line 165 in file /home/travis/build/robotology/wb-toolbox/toolbox/include/base/Block.h
/home/travis/build/robotology/wb-toolbox/toolbox/include/base/Block.h:169: warning: expected whitespace after error command
/home/travis/build/robotology/wb-toolbox/toolbox/include/DotJNu.h:40: warning: The following parameters of wbt::DotJNu::output(const BlockInformation *blockInfo) are not documented:
  parameter 'blockInfo'
/home/travis/build/robotology/wb-toolbox/toolbox/include/DotJNu.h:39: warning: argument 'S' of command @param is not found in the argument list of wbt::DotJNu::terminate(const BlockInformation *blockInfo) inherited from member terminate at line 152 in file /home/travis/build/robotology/wb-toolbox/toolbox/include/base/Block.h
/home/travis/build/robotology/wb-toolbox/toolbox/include/DotJNu.h:39: warning: The following parameters of wbt::DotJNu::terminate(const BlockInformation *blockInfo) are not documented:
  parameter 'blockInfo'
/home/travis/build/robotology/wb-toolbox/toolbox/include/base/Block.h:112: warning: Found unknown command `\Note'
/home/travis/build/robotology/wb-toolbox/toolbox/include/ForwardKinematics.h:29: warning: argument 'S' of command @param is not found in the argument list of wbt::ForwardKinematics::configureSizeAndPorts(BlockInformation *blockInfo) inherited from member configureSizeAndPorts at line 107 in file /home/travis/build/robotology/wb-toolbox/toolbox/include/base/Block.h
/home/travis/build/robotology/wb-toolbox/toolbox/include/ForwardKinematics.h:29: warning: The following parameters of wbt::ForwardKinematics::configureSizeAndPorts(BlockInformation *blockInfo) are not documented:
  parameter 'blockInfo'
/home/travis/build/robotology/wb-toolbox/toolbox/include/base/Block.h:132: warning: Found unknown command `\Note'
/home/travis/build/robotology/wb-toolbox/toolbox/include/ForwardKinematics.h:31: warning: argument 'S' of command @param is not found in the argument list of wbt::ForwardKinematics::initialize(const BlockInformation *blockInfo) inherited from member initialize at line 129 in file /home/travis/build/robotology/wb-toolbox/toolbox/include/base/Block.h
/home/travis/build/robotology/wb-toolbox/toolbox/include/ForwardKinematics.h:31: warning: The following parameters of wbt::ForwardKinematics::initialize(const BlockInformation *blockInfo) are not documented:
  parameter 'blockInfo'
/home/travis/build/robotology/wb-toolbox/toolbox/include/ForwardKinematics.h:33: warning: argument 'S' of command @param is not found in the argument list of wbt::ForwardKinematics::output(const BlockInformation *blockInfo) inherited from member output at line 165 in file /home/travis/build/robotology/wb-toolbox/toolbox/include/base/Block.h
/home/travis/build/robotology/wb-toolbox/toolbox/include/base/Block.h:169: warning: expected whitespace after error command
/home/travis/build/robotology/wb-toolbox/toolbox/include/ForwardKinematics.h:33: warning: The following parameters of wbt::ForwardKinematics::output(const BlockInformation *blockInfo) are not documented:
  parameter 'blockInfo'
/home/travis/build/robotology/wb-toolbox/toolbox/include/ForwardKinematics.h:32: warning: argument 'S' of command @param is not found in the argument list of wbt::ForwardKinematics::terminate(const BlockInformation *blockInfo) inherited from member terminate at line 152 in file /home/travis/build/robotology/wb-toolbox/toolbox/include/base/Block.h
/home/travis/build/robotology/wb-toolbox/toolbox/include/ForwardKinematics.h:32: warning: The following parameters of wbt::ForwardKinematics::terminate(const BlockInformation *blockInfo) are not documented:
  parameter 'blockInfo'
/home/travis/build/robotology/wb-toolbox/toolbox/include/base/Block.h:112: warning: Found unknown command `\Note'
/home/travis/build/robotology/wb-toolbox/toolbox/include/GetLimits.h:36: warning: argument 'S' of command @param is not found in the argument list of wbt::GetLimits::configureSizeAndPorts(BlockInformation *blockInfo) inherited from member configureSizeAndPorts at line 107 in file /home/travis/build/robotology/wb-toolbox/toolbox/include/base/Block.h
/home/travis/build/robotology/wb-toolbox/toolbox/include/GetLimits.h:36: warning: The following parameters of wbt::GetLimits::configureSizeAndPorts(BlockInformation *blockInfo) are not documented:
  parameter 'blockInfo'
/home/travis/build/robotology/wb-toolbox/toolbox/include/base/Block.h:132: warning: Found unknown command `\Note'
/home/travis/build/robotology/wb-toolbox/toolbox/include/GetLimits.h:38: warning: argument 'S' of command @param is not found in the argument list of wbt::GetLimits::initialize(const BlockInformation *blockInfo) inherited from member initialize at line 129 in file /home/travis/build/robotology/wb-toolbox/toolbox/include/base/Block.h
/home/travis/build/robotology/wb-toolbox/toolbox/include/GetLimits.h:38: warning: The following parameters of wbt::GetLimits::initialize(const BlockInformation *blockInfo) are not documented:
  parameter 'blockInfo'
/home/travis/build/robotology/wb-toolbox/toolbox/include/GetLimits.h:40: warning: argument 'S' of command @param is not found in the argument list of wbt::GetLimits::output(const BlockInformation *blockInfo) inherited from member output at line 165 in file /home/travis/build/robotology/wb-toolbox/toolbox/include/base/Block.h
/home/travis/build/robotology/wb-toolbox/toolbox/include/base/Block.h:169: warning: expected whitespace after error command
/home/travis/build/robotology/wb-toolbox/toolbox/include/GetLimits.h:40: warning: The following parameters of wbt::GetLimits::output(const BlockInformation *blockInfo) are not documented:
  parameter 'blockInfo'
/home/travis/build/robotology/wb-toolbox/toolbox/include/GetLimits.h:39: warning: argument 'S' of command @param is not found in the argument list of wbt::GetLimits::terminate(const BlockInformation *blockInfo) inherited from member terminate at line 152 in file /home/travis/build/robotology/wb-toolbox/toolbox/include/base/Block.h
/home/travis/build/robotology/wb-toolbox/toolbox/include/GetLimits.h:39: warning: The following parameters of wbt::GetLimits::terminate(const BlockInformation *blockInfo) are not documented:
  parameter 'blockInfo'
/home/travis/build/robotology/wb-toolbox/toolbox/include/base/Block.h:112: warning: Found unknown command `\Note'
/home/travis/build/robotology/wb-toolbox/toolbox/include/GetMeasurement.h:31: warning: argument 'S' of command @param is not found in the argument list of wbt::GetMeasurement::configureSizeAndPorts(BlockInformation *blockInfo) inherited from member configureSizeAndPorts at line 107 in file /home/travis/build/robotology/wb-toolbox/toolbox/include/base/Block.h
/home/travis/build/robotology/wb-toolbox/toolbox/include/GetMeasurement.h:31: warning: The following parameters of wbt::GetMeasurement::configureSizeAndPorts(BlockInformation *blockInfo) are not documented:
  parameter 'blockInfo'
/home/travis/build/robotology/wb-toolbox/toolbox/include/base/Block.h:132: warning: Found unknown command `\Note'
/home/travis/build/robotology/wb-toolbox/toolbox/include/GetMeasurement.h:33: warning: argument 'S' of command @param is not found in the argument list of wbt::GetMeasurement::initialize(const BlockInformation *blockInfo) inherited from member initialize at line 129 in file /home/travis/build/robotology/wb-toolbox/toolbox/include/base/Block.h
/home/travis/build/robotology/wb-toolbox/toolbox/include/GetMeasurement.h:33: warning: The following parameters of wbt::GetMeasurement::initialize(const BlockInformation *blockInfo) are not documented:
  parameter 'blockInfo'
/home/travis/build/robotology/wb-toolbox/toolbox/include/GetMeasurement.h:35: warning: argument 'S' of command @param is not found in the argument list of wbt::GetMeasurement::output(const BlockInformation *blockInfo) inherited from member output at line 165 in file /home/travis/build/robotology/wb-toolbox/toolbox/include/base/Block.h
/home/travis/build/robotology/wb-toolbox/toolbox/include/base/Block.h:169: warning: expected whitespace after error command
/home/travis/build/robotology/wb-toolbox/toolbox/include/GetMeasurement.h:35: warning: The following parameters of wbt::GetMeasurement::output(const BlockInformation *blockInfo) are not documented:
  parameter 'blockInfo'
/home/travis/build/robotology/wb-toolbox/toolbox/include/GetMeasurement.h:34: warning: argument 'S' of command @param is not found in the argument list of wbt::GetMeasurement::terminate(const BlockInformation *blockInfo) inherited from member terminate at line 152 in file /home/travis/build/robotology/wb-toolbox/toolbox/include/base/Block.h
/home/travis/build/robotology/wb-toolbox/toolbox/include/GetMeasurement.h:34: warning: The following parameters of wbt::GetMeasurement::terminate(const BlockInformation *blockInfo) are not documented:
  parameter 'blockInfo'
/home/travis/build/robotology/wb-toolbox/toolbox/include/base/Block.h:112: warning: Found unknown command `\Note'
/home/travis/build/robotology/wb-toolbox/toolbox/include/InverseDynamics.h:41: warning: argument 'S' of command @param is not found in the argument list of wbt::InverseDynamics::configureSizeAndPorts(BlockInformation *blockInfo) inherited from member configureSizeAndPorts at line 107 in file /home/travis/build/robotology/wb-toolbox/toolbox/include/base/Block.h
/home/travis/build/robotology/wb-toolbox/toolbox/include/InverseDynamics.h:41: warning: The following parameters of wbt::InverseDynamics::configureSizeAndPorts(BlockInformation *blockInfo) are not documented:
  parameter 'blockInfo'
/home/travis/build/robotology/wb-toolbox/toolbox/include/base/Block.h:132: warning: Found unknown command `\Note'
/home/travis/build/robotology/wb-toolbox/toolbox/include/InverseDynamics.h:43: warning: argument 'S' of command @param is not found in the argument list of wbt::InverseDynamics::initialize(const BlockInformation *blockInfo) inherited from member initialize at line 129 in file /home/travis/build/robotology/wb-toolbox/toolbox/include/base/Block.h
/home/travis/build/robotology/wb-toolbox/toolbox/include/InverseDynamics.h:43: warning: The following parameters of wbt::InverseDynamics::initialize(const BlockInformation *blockInfo) are not documented:
  parameter 'blockInfo'
/home/travis/build/robotology/wb-toolbox/toolbox/include/InverseDynamics.h:45: warning: argument 'S' of command @param is not found in the argument list of wbt::InverseDynamics::output(const BlockInformation *blockInfo) inherited from member output at line 165 in file /home/travis/build/robotology/wb-toolbox/toolbox/include/base/Block.h
/home/travis/build/robotology/wb-toolbox/toolbox/include/base/Block.h:169: warning: expected whitespace after error command
/home/travis/build/robotology/wb-toolbox/toolbox/include/InverseDynamics.h:45: warning: The following parameters of wbt::InverseDynamics::output(const BlockInformation *blockInfo) are not documented:
  parameter 'blockInfo'
/home/travis/build/robotology/wb-toolbox/toolbox/include/InverseDynamics.h:44: warning: argument 'S' of command @param is not found in the argument list of wbt::InverseDynamics::terminate(const BlockInformation *blockInfo) inherited from member terminate at line 152 in file /home/travis/build/robotology/wb-toolbox/toolbox/include/base/Block.h
/home/travis/build/robotology/wb-toolbox/toolbox/include/InverseDynamics.h:44: warning: The following parameters of wbt::InverseDynamics::terminate(const BlockInformation *blockInfo) are not documented:
  parameter 'blockInfo'
/home/travis/build/robotology/wb-toolbox/toolbox/include/base/Block.h:112: warning: Found unknown command `\Note'
/home/travis/build/robotology/wb-toolbox/toolbox/include/Jacobian.h:39: warning: argument 'S' of command @param is not found in the argument list of wbt::Jacobian::configureSizeAndPorts(BlockInformation *blockInfo) inherited from member configureSizeAndPorts at line 107 in file /home/travis/build/robotology/wb-toolbox/toolbox/include/base/Block.h
/home/travis/build/robotology/wb-toolbox/toolbox/include/Jacobian.h:39: warning: The following parameters of wbt::Jacobian::configureSizeAndPorts(BlockInformation *blockInfo) are not documented:
  parameter 'blockInfo'
/home/travis/build/robotology/wb-toolbox/toolbox/include/base/Block.h:132: warning: Found unknown command `\Note'
/home/travis/build/robotology/wb-toolbox/toolbox/include/Jacobian.h:41: warning: argument 'S' of command @param is not found in the argument list of wbt::Jacobian::initialize(const BlockInformation *blockInfo) inherited from member initialize at line 129 in file /home/travis/build/robotology/wb-toolbox/toolbox/include/base/Block.h
/home/travis/build/robotology/wb-toolbox/toolbox/include/Jacobian.h:41: warning: The following parameters of wbt::Jacobian::initialize(const BlockInformation *blockInfo) are not documented:
  parameter 'blockInfo'
/home/travis/build/robotology/wb-toolbox/toolbox/include/Jacobian.h:43: warning: argument 'S' of command @param is not found in the argument list of wbt::Jacobian::output(const BlockInformation *blockInfo) inherited from member output at line 165 in file /home/travis/build/robotology/wb-toolbox/toolbox/include/base/Block.h
/home/travis/build/robotology/wb-toolbox/toolbox/include/base/Block.h:169: warning: expected whitespace after error command
/home/travis/build/robotology/wb-toolbox/toolbox/include/Jacobian.h:43: warning: The following parameters of wbt::Jacobian::output(const BlockInformation *blockInfo) are not documented:
  parameter 'blockInfo'
/home/travis/build/robotology/wb-toolbox/toolbox/include/Jacobian.h:42: warning: argument 'S' of command @param is not found in the argument list of wbt::Jacobian::terminate(const BlockInformation *blockInfo) inherited from member terminate at line 152 in file /home/travis/build/robotology/wb-toolbox/toolbox/include/base/Block.h
/home/travis/build/robotology/wb-toolbox/toolbox/include/Jacobian.h:42: warning: The following parameters of wbt::Jacobian::terminate(const BlockInformation *blockInfo) are not documented:
  parameter 'blockInfo'
/home/travis/build/robotology/wb-toolbox/toolbox/include/base/Block.h:112: warning: Found unknown command `\Note'
/home/travis/build/robotology/wb-toolbox/toolbox/include/MassMatrix.h:29: warning: argument 'S' of command @param is not found in the argument list of wbt::MassMatrix::configureSizeAndPorts(BlockInformation *blockInfo) inherited from member configureSizeAndPorts at line 107 in file /home/travis/build/robotology/wb-toolbox/toolbox/include/base/Block.h
/home/travis/build/robotology/wb-toolbox/toolbox/include/MassMatrix.h:29: warning: The following parameters of wbt::MassMatrix::configureSizeAndPorts(BlockInformation *blockInfo) are not documented:
  parameter 'blockInfo'
/home/travis/build/robotology/wb-toolbox/toolbox/include/base/Block.h:132: warning: Found unknown command `\Note'
/home/travis/build/robotology/wb-toolbox/toolbox/include/MassMatrix.h:31: warning: argument 'S' of command @param is not found in the argument list of wbt::MassMatrix::initialize(const BlockInformation *blockInfo) inherited from member initialize at line 129 in file /home/travis/build/robotology/wb-toolbox/toolbox/include/base/Block.h
/home/travis/build/robotology/wb-toolbox/toolbox/include/MassMatrix.h:31: warning: The following parameters of wbt::MassMatrix::initialize(const BlockInformation *blockInfo) are not documented:
  parameter 'blockInfo'
/home/travis/build/robotology/wb-toolbox/toolbox/include/MassMatrix.h:33: warning: argument 'S' of command @param is not found in the argument list of wbt::MassMatrix::output(const BlockInformation *blockInfo) inherited from member output at line 165 in file /home/travis/build/robotology/wb-toolbox/toolbox/include/base/Block.h
/home/travis/build/robotology/wb-toolbox/toolbox/include/base/Block.h:169: warning: expected whitespace after error command
/home/travis/build/robotology/wb-toolbox/toolbox/include/MassMatrix.h:33: warning: The following parameters of wbt::MassMatrix::output(const BlockInformation *blockInfo) are not documented:
  parameter 'blockInfo'
/home/travis/build/robotology/wb-toolbox/toolbox/include/MassMatrix.h:32: warning: argument 'S' of command @param is not found in the argument list of wbt::MassMatrix::terminate(const BlockInformation *blockInfo) inherited from member terminate at line 152 in file /home/travis/build/robotology/wb-toolbox/toolbox/include/base/Block.h
/home/travis/build/robotology/wb-toolbox/toolbox/include/MassMatrix.h:32: warning: The following parameters of wbt::MassMatrix::terminate(const BlockInformation *blockInfo) are not documented:
  parameter 'blockInfo'
/home/travis/build/robotology/wb-toolbox/toolbox/include/base/Block.h:112: warning: Found unknown command `\Note'
/home/travis/build/robotology/wb-toolbox/toolbox/include/MinimumJerkTrajectoryGenerator.h:32: warning: argument 'S' of command @param is not found in the argument list of wbt::MinimumJerkTrajectoryGenerator::configureSizeAndPorts(BlockInformation *blockInfo) inherited from member configureSizeAndPorts at line 107 in file /home/travis/build/robotology/wb-toolbox/toolbox/include/base/Block.h
/home/travis/build/robotology/wb-toolbox/toolbox/include/MinimumJerkTrajectoryGenerator.h:32: warning: The following parameters of wbt::MinimumJerkTrajectoryGenerator::configureSizeAndPorts(BlockInformation *blockInfo) are not documented:
  parameter 'blockInfo'
/home/travis/build/robotology/wb-toolbox/toolbox/include/base/Block.h:132: warning: Found unknown command `\Note'
/home/travis/build/robotology/wb-toolbox/toolbox/include/MinimumJerkTrajectoryGenerator.h:33: warning: argument 'S' of command @param is not found in the argument list of wbt::MinimumJerkTrajectoryGenerator::initialize(const BlockInformation *blockInfo) inherited from member initialize at line 129 in file /home/travis/build/robotology/wb-toolbox/toolbox/include/base/Block.h
/home/travis/build/robotology/wb-toolbox/toolbox/include/MinimumJerkTrajectoryGenerator.h:33: warning: The following parameters of wbt::MinimumJerkTrajectoryGenerator::initialize(const BlockInformation *blockInfo) are not documented:
  parameter 'blockInfo'
/home/travis/build/robotology/wb-toolbox/toolbox/include/MinimumJerkTrajectoryGenerator.h:35: warning: argument 'S' of command @param is not found in the argument list of wbt::MinimumJerkTrajectoryGenerator::output(const BlockInformation *blockInfo) inherited from member output at line 165 in file /home/travis/build/robotology/wb-toolbox/toolbox/include/base/Block.h
/home/travis/build/robotology/wb-toolbox/toolbox/include/base/Block.h:169: warning: expected whitespace after error command
/home/travis/build/robotology/wb-toolbox/toolbox/include/MinimumJerkTrajectoryGenerator.h:35: warning: The following parameters of wbt::MinimumJerkTrajectoryGenerator::output(const BlockInformation *blockInfo) are not documented:
  parameter 'blockInfo'
/home/travis/build/robotology/wb-toolbox/toolbox/include/MinimumJerkTrajectoryGenerator.h:34: warning: argument 'S' of command @param is not found in the argument list of wbt::MinimumJerkTrajectoryGenerator::terminate(const BlockInformation *blockInfo) inherited from member terminate at line 152 in file /home/travis/build/robotology/wb-toolbox/toolbox/include/base/Block.h
/home/travis/build/robotology/wb-toolbox/toolbox/include/MinimumJerkTrajectoryGenerator.h:34: warning: The following parameters of wbt::MinimumJerkTrajectoryGenerator::terminate(const BlockInformation *blockInfo) are not documented:
  parameter 'blockInfo'
/home/travis/build/robotology/wb-toolbox/toolbox/include/base/Block.h:112: warning: Found unknown command `\Note'
/home/travis/build/robotology/wb-toolbox/toolbox/include/ModelPartitioner.h:30: warning: argument 'S' of command @param is not found in the argument list of wbt::ModelPartitioner::configureSizeAndPorts(BlockInformation *blockInfo) inherited from member configureSizeAndPorts at line 107 in file /home/travis/build/robotology/wb-toolbox/toolbox/include/base/Block.h
/home/travis/build/robotology/wb-toolbox/toolbox/include/ModelPartitioner.h:30: warning: The following parameters of wbt::ModelPartitioner::configureSizeAndPorts(BlockInformation *blockInfo) are not documented:
  parameter 'blockInfo'
/home/travis/build/robotology/wb-toolbox/toolbox/include/base/Block.h:132: warning: Found unknown command `\Note'
/home/travis/build/robotology/wb-toolbox/toolbox/include/ModelPartitioner.h:31: warning: argument 'S' of command @param is not found in the argument list of wbt::ModelPartitioner::initialize(const BlockInformation *blockInfo) inherited from member initialize at line 129 in file /home/travis/build/robotology/wb-toolbox/toolbox/include/base/Block.h
/home/travis/build/robotology/wb-toolbox/toolbox/include/ModelPartitioner.h:31: warning: The following parameters of wbt::ModelPartitioner::initialize(const BlockInformation *blockInfo) are not documented:
  parameter 'blockInfo'
/home/travis/build/robotology/wb-toolbox/toolbox/include/ModelPartitioner.h:33: warning: argument 'S' of command @param is not found in the argument list of wbt::ModelPartitioner::output(const BlockInformation *blockInfo) inherited from member output at line 165 in file /home/travis/build/robotology/wb-toolbox/toolbox/include/base/Block.h
/home/travis/build/robotology/wb-toolbox/toolbox/include/base/Block.h:169: warning: expected whitespace after error command
/home/travis/build/robotology/wb-toolbox/toolbox/include/ModelPartitioner.h:33: warning: The following parameters of wbt::ModelPartitioner::output(const BlockInformation *blockInfo) are not documented:
  parameter 'blockInfo'
/home/travis/build/robotology/wb-toolbox/toolbox/include/ModelPartitioner.h:32: warning: argument 'S' of command @param is not found in the argument list of wbt::ModelPartitioner::terminate(const BlockInformation *blockInfo) inherited from member terminate at line 152 in file /home/travis/build/robotology/wb-toolbox/toolbox/include/base/Block.h
/home/travis/build/robotology/wb-toolbox/toolbox/include/ModelPartitioner.h:32: warning: The following parameters of wbt::ModelPartitioner::terminate(const BlockInformation *blockInfo) are not documented:
  parameter 'blockInfo'
/home/travis/build/robotology/wb-toolbox/toolbox/include/base/Block.h:112: warning: Found unknown command `\Note'
/home/travis/build/robotology/wb-toolbox/toolbox/include/RealTimeSynchronizer.h:19: warning: argument 'S' of command @param is not found in the argument list of wbt::RealTimeSynchronizer::configureSizeAndPorts(BlockInformation *blockInfo) inherited from member configureSizeAndPorts at line 107 in file /home/travis/build/robotology/wb-toolbox/toolbox/include/base/Block.h
/home/travis/build/robotology/wb-toolbox/toolbox/include/RealTimeSynchronizer.h:19: warning: The following parameters of wbt::RealTimeSynchronizer::configureSizeAndPorts(BlockInformation *blockInfo) are not documented:
  parameter 'blockInfo'
/home/travis/build/robotology/wb-toolbox/toolbox/include/base/Block.h:132: warning: Found unknown command `\Note'
/home/travis/build/robotology/wb-toolbox/toolbox/include/RealTimeSynchronizer.h:20: warning: argument 'S' of command @param is not found in the argument list of wbt::RealTimeSynchronizer::initialize(const BlockInformation *blockInfo) inherited from member initialize at line 129 in file /home/travis/build/robotology/wb-toolbox/toolbox/include/base/Block.h
/home/travis/build/robotology/wb-toolbox/toolbox/include/RealTimeSynchronizer.h:20: warning: The following parameters of wbt::RealTimeSynchronizer::initialize(const BlockInformation *blockInfo) are not documented:
  parameter 'blockInfo'
/home/travis/build/robotology/wb-toolbox/toolbox/include/RealTimeSynchronizer.h:22: warning: argument 'S' of command @param is not found in the argument list of wbt::RealTimeSynchronizer::output(const BlockInformation *blockInfo) inherited from member output at line 165 in file /home/travis/build/robotology/wb-toolbox/toolbox/include/base/Block.h
/home/travis/build/robotology/wb-toolbox/toolbox/include/base/Block.h:169: warning: expected whitespace after error command
/home/travis/build/robotology/wb-toolbox/toolbox/include/RealTimeSynchronizer.h:22: warning: The following parameters of wbt::RealTimeSynchronizer::output(const BlockInformation *blockInfo) are not documented:
  parameter 'blockInfo'
/home/travis/build/robotology/wb-toolbox/toolbox/include/RealTimeSynchronizer.h:21: warning: argument 'S' of command @param is not found in the argument list of wbt::RealTimeSynchronizer::terminate(const BlockInformation *blockInfo) inherited from member terminate at line 152 in file /home/travis/build/robotology/wb-toolbox/toolbox/include/base/Block.h
/home/travis/build/robotology/wb-toolbox/toolbox/include/RealTimeSynchronizer.h:21: warning: The following parameters of wbt::RealTimeSynchronizer::terminate(const BlockInformation *blockInfo) are not documented:
  parameter 'blockInfo'
/home/travis/build/robotology/wb-toolbox/toolbox/include/base/Block.h:112: warning: Found unknown command `\Note'
/home/travis/build/robotology/wb-toolbox/toolbox/include/SetLowLevelPID.h:42: warning: argument 'S' of command @param is not found in the argument list of wbt::SetLowLevelPID::configureSizeAndPorts(BlockInformation *blockInfo) inherited from member configureSizeAndPorts at line 107 in file /home/travis/build/robotology/wb-toolbox/toolbox/include/base/Block.h
/home/travis/build/robotology/wb-toolbox/toolbox/include/SetLowLevelPID.h:42: warning: The following parameters of wbt::SetLowLevelPID::configureSizeAndPorts(BlockInformation *blockInfo) are not documented:
  parameter 'blockInfo'
/home/travis/build/robotology/wb-toolbox/toolbox/include/base/Block.h:132: warning: Found unknown command `\Note'
/home/travis/build/robotology/wb-toolbox/toolbox/include/SetLowLevelPID.h:44: warning: argument 'S' of command @param is not found in the argument list of wbt::SetLowLevelPID::initialize(const BlockInformation *blockInfo) inherited from member initialize at line 129 in file /home/travis/build/robotology/wb-toolbox/toolbox/include/base/Block.h
/home/travis/build/robotology/wb-toolbox/toolbox/include/SetLowLevelPID.h:44: warning: The following parameters of wbt::SetLowLevelPID::initialize(const BlockInformation *blockInfo) are not documented:
  parameter 'blockInfo'
/home/travis/build/robotology/wb-toolbox/toolbox/include/SetLowLevelPID.h:46: warning: argument 'S' of command @param is not found in the argument list of wbt::SetLowLevelPID::output(const BlockInformation *blockInfo) inherited from member output at line 165 in file /home/travis/build/robotology/wb-toolbox/toolbox/include/base/Block.h
/home/travis/build/robotology/wb-toolbox/toolbox/include/base/Block.h:169: warning: expected whitespace after error command
/home/travis/build/robotology/wb-toolbox/toolbox/include/SetLowLevelPID.h:46: warning: The following parameters of wbt::SetLowLevelPID::output(const BlockInformation *blockInfo) are not documented:
  parameter 'blockInfo'
/home/travis/build/robotology/wb-toolbox/toolbox/include/SetLowLevelPID.h:45: warning: argument 'S' of command @param is not found in the argument list of wbt::SetLowLevelPID::terminate(const BlockInformation *blockInfo) inherited from member terminate at line 152 in file /home/travis/build/robotology/wb-toolbox/toolbox/include/base/Block.h
/home/travis/build/robotology/wb-toolbox/toolbox/include/SetLowLevelPID.h:45: warning: The following parameters of wbt::SetLowLevelPID::terminate(const BlockInformation *blockInfo) are not documented:
  parameter 'blockInfo'
/home/travis/build/robotology/wb-toolbox/toolbox/include/base/Block.h:112: warning: Found unknown command `\Note'
/home/travis/build/robotology/wb-toolbox/toolbox/include/SetReferences.h:26: warning: argument 'S' of command @param is not found in the argument list of wbt::SetReferences::configureSizeAndPorts(BlockInformation *blockInfo) inherited from member configureSizeAndPorts at line 107 in file /home/travis/build/robotology/wb-toolbox/toolbox/include/base/Block.h
/home/travis/build/robotology/wb-toolbox/toolbox/include/SetReferences.h:26: warning: The following parameters of wbt::SetReferences::configureSizeAndPorts(BlockInformation *blockInfo) are not documented:
  parameter 'blockInfo'
/home/travis/build/robotology/wb-toolbox/toolbox/include/base/Block.h:132: warning: Found unknown command `\Note'
/home/travis/build/robotology/wb-toolbox/toolbox/include/SetReferences.h:28: warning: argument 'S' of command @param is not found in the argument list of wbt::SetReferences::initialize(const BlockInformation *blockInfo) inherited from member initialize at line 129 in file /home/travis/build/robotology/wb-toolbox/toolbox/include/base/Block.h
/home/travis/build/robotology/wb-toolbox/toolbox/include/SetReferences.h:28: warning: The following parameters of wbt::SetReferences::initialize(const BlockInformation *blockInfo) are not documented:
  parameter 'blockInfo'
/home/travis/build/robotology/wb-toolbox/toolbox/include/SetReferences.h:29: warning: argument 'S' of command @param is not found in the argument list of wbt::SetReferences::initializeInitialConditions(const BlockInformation *blockInfo) inherited from member initializeInitialConditions at line 140 in file /home/travis/build/robotology/wb-toolbox/toolbox/include/base/Block.h
/home/travis/build/robotology/wb-toolbox/toolbox/include/SetReferences.h:29: warning: The following parameters of wbt::SetReferences::initializeInitialConditions(const BlockInformation *blockInfo) are not documented:
  parameter 'blockInfo'
/home/travis/build/robotology/wb-toolbox/toolbox/include/SetReferences.h:31: warning: argument 'S' of command @param is not found in the argument list of wbt::SetReferences::output(const BlockInformation *blockInfo) inherited from member output at line 165 in file /home/travis/build/robotology/wb-toolbox/toolbox/include/base/Block.h
/home/travis/build/robotology/wb-toolbox/toolbox/include/base/Block.h:169: warning: expected whitespace after error command
/home/travis/build/robotology/wb-toolbox/toolbox/include/SetReferences.h:31: warning: The following parameters of wbt::SetReferences::output(const BlockInformation *blockInfo) are not documented:
  parameter 'blockInfo'
/home/travis/build/robotology/wb-toolbox/toolbox/include/SetReferences.h:30: warning: argument 'S' of command @param is not found in the argument list of wbt::SetReferences::terminate(const BlockInformation *blockInfo) inherited from member terminate at line 152 in file /home/travis/build/robotology/wb-toolbox/toolbox/include/base/Block.h
/home/travis/build/robotology/wb-toolbox/toolbox/include/SetReferences.h:30: warning: The following parameters of wbt::SetReferences::terminate(const BlockInformation *blockInfo) are not documented:
  parameter 'blockInfo'
/home/travis/build/robotology/wb-toolbox/toolbox/include/base/Block.h:112: warning: Found unknown command `\Note'
/home/travis/build/robotology/wb-toolbox/toolbox/include/SimulatorSynchronizer.h:21: warning: argument 'S' of command @param is not found in the argument list of wbt::SimulatorSynchronizer::configureSizeAndPorts(BlockInformation *blockInfo) inherited from member configureSizeAndPorts at line 107 in file /home/travis/build/robotology/wb-toolbox/toolbox/include/base/Block.h
/home/travis/build/robotology/wb-toolbox/toolbox/include/SimulatorSynchronizer.h:21: warning: The following parameters of wbt::SimulatorSynchronizer::configureSizeAndPorts(BlockInformation *blockInfo) are not documented:
  parameter 'blockInfo'
/home/travis/build/robotology/wb-toolbox/toolbox/include/base/Block.h:132: warning: Found unknown command `\Note'
/home/travis/build/robotology/wb-toolbox/toolbox/include/SimulatorSynchronizer.h:22: warning: argument 'S' of command @param is not found in the argument list of wbt::SimulatorSynchronizer::initialize(const BlockInformation *blockInfo) inherited from member initialize at line 129 in file /home/travis/build/robotology/wb-toolbox/toolbox/include/base/Block.h
/home/travis/build/robotology/wb-toolbox/toolbox/include/SimulatorSynchronizer.h:22: warning: The following parameters of wbt::SimulatorSynchronizer::initialize(const BlockInformation *blockInfo) are not documented:
  parameter 'blockInfo'
/home/travis/build/robotology/wb-toolbox/toolbox/include/SimulatorSynchronizer.h:24: warning: argument 'S' of command @param is not found in the argument list of wbt::SimulatorSynchronizer::output(const BlockInformation *blockInfo) inherited from member output at line 165 in file /home/travis/build/robotology/wb-toolbox/toolbox/include/base/Block.h
/home/travis/build/robotology/wb-toolbox/toolbox/include/base/Block.h:169: warning: expected whitespace after error command
/home/travis/build/robotology/wb-toolbox/toolbox/include/SimulatorSynchronizer.h:24: warning: The following parameters of wbt::SimulatorSynchronizer::output(const BlockInformation *blockInfo) are not documented:
  parameter 'blockInfo'
/home/travis/build/robotology/wb-toolbox/toolbox/include/SimulatorSynchronizer.h:23: warning: argument 'S' of command @param is not found in the argument list of wbt::SimulatorSynchronizer::terminate(const BlockInformation *blockInfo) inherited from member terminate at line 152 in file /home/travis/build/robotology/wb-toolbox/toolbox/include/base/Block.h
/home/travis/build/robotology/wb-toolbox/toolbox/include/SimulatorSynchronizer.h:23: warning: The following parameters of wbt::SimulatorSynchronizer::terminate(const BlockInformation *blockInfo) are not documented:
  parameter 'blockInfo'
/home/travis/build/robotology/wb-toolbox/toolbox/include/base/Block.h:112: warning: Found unknown command `\Note'
/home/travis/build/robotology/wb-toolbox/toolbox/include/YarpClock.h:19: warning: argument 'S' of command @param is not found in the argument list of wbt::YarpClock::configureSizeAndPorts(BlockInformation *blockInfo) inherited from member configureSizeAndPorts at line 107 in file /home/travis/build/robotology/wb-toolbox/toolbox/include/base/Block.h
/home/travis/build/robotology/wb-toolbox/toolbox/include/YarpClock.h:19: warning: The following parameters of wbt::YarpClock::configureSizeAndPorts(BlockInformation *blockInfo) are not documented:
  parameter 'blockInfo'
/home/travis/build/robotology/wb-toolbox/toolbox/include/base/Block.h:132: warning: Found unknown command `\Note'
/home/travis/build/robotology/wb-toolbox/toolbox/include/YarpClock.h:20: warning: argument 'S' of command @param is not found in the argument list of wbt::YarpClock::initialize(const BlockInformation *blockInfo) inherited from member initialize at line 129 in file /home/travis/build/robotology/wb-toolbox/toolbox/include/base/Block.h
/home/travis/build/robotology/wb-toolbox/toolbox/include/YarpClock.h:20: warning: The following parameters of wbt::YarpClock::initialize(const BlockInformation *blockInfo) are not documented:
  parameter 'blockInfo'
/home/travis/build/robotology/wb-toolbox/toolbox/include/YarpClock.h:22: warning: argument 'S' of command @param is not found in the argument list of wbt::YarpClock::output(const BlockInformation *blockInfo) inherited from member output at line 165 in file /home/travis/build/robotology/wb-toolbox/toolbox/include/base/Block.h
/home/travis/build/robotology/wb-toolbox/toolbox/include/base/Block.h:169: warning: expected whitespace after error command
/home/travis/build/robotology/wb-toolbox/toolbox/include/YarpClock.h:22: warning: The following parameters of wbt::YarpClock::output(const BlockInformation *blockInfo) are not documented:
  parameter 'blockInfo'
/home/travis/build/robotology/wb-toolbox/toolbox/include/YarpClock.h:21: warning: argument 'S' of command @param is not found in the argument list of wbt::YarpClock::terminate(const BlockInformation *blockInfo) inherited from member terminate at line 152 in file /home/travis/build/robotology/wb-toolbox/toolbox/include/base/Block.h
/home/travis/build/robotology/wb-toolbox/toolbox/include/YarpClock.h:21: warning: The following parameters of wbt::YarpClock::terminate(const BlockInformation *blockInfo) are not documented:
  parameter 'blockInfo'
/home/travis/build/robotology/wb-toolbox/toolbox/include/base/Block.h:112: warning: Found unknown command `\Note'
/home/travis/build/robotology/wb-toolbox/toolbox/include/YarpRead.h:30: warning: argument 'S' of command @param is not found in the argument list of wbt::YarpRead::configureSizeAndPorts(BlockInformation *blockInfo) inherited from member configureSizeAndPorts at line 107 in file /home/travis/build/robotology/wb-toolbox/toolbox/include/base/Block.h
/home/travis/build/robotology/wb-toolbox/toolbox/include/YarpRead.h:30: warning: The following parameters of wbt::YarpRead::configureSizeAndPorts(BlockInformation *blockInfo) are not documented:
  parameter 'blockInfo'
/home/travis/build/robotology/wb-toolbox/toolbox/include/base/Block.h:132: warning: Found unknown command `\Note'
/home/travis/build/robotology/wb-toolbox/toolbox/include/YarpRead.h:31: warning: argument 'S' of command @param is not found in the argument list of wbt::YarpRead::initialize(const BlockInformation *blockInfo) inherited from member initialize at line 129 in file /home/travis/build/robotology/wb-toolbox/toolbox/include/base/Block.h
/home/travis/build/robotology/wb-toolbox/toolbox/include/YarpRead.h:31: warning: The following parameters of wbt::YarpRead::initialize(const BlockInformation *blockInfo) are not documented:
  parameter 'blockInfo'
/home/travis/build/robotology/wb-toolbox/toolbox/include/YarpRead.h:33: warning: argument 'S' of command @param is not found in the argument list of wbt::YarpRead::output(const BlockInformation *blockInfo) inherited from member output at line 165 in file /home/travis/build/robotology/wb-toolbox/toolbox/include/base/Block.h
/home/travis/build/robotology/wb-toolbox/toolbox/include/base/Block.h:169: warning: expected whitespace after error command
/home/travis/build/robotology/wb-toolbox/toolbox/include/YarpRead.h:33: warning: The following parameters of wbt::YarpRead::output(const BlockInformation *blockInfo) are not documented:
  parameter 'blockInfo'
/home/travis/build/robotology/wb-toolbox/toolbox/include/YarpRead.h:32: warning: argument 'S' of command @param is not found in the argument list of wbt::YarpRead::terminate(const BlockInformation *blockInfo) inherited from member terminate at line 152 in file /home/travis/build/robotology/wb-toolbox/toolbox/include/base/Block.h
/home/travis/build/robotology/wb-toolbox/toolbox/include/YarpRead.h:32: warning: The following parameters of wbt::YarpRead::terminate(const BlockInformation *blockInfo) are not documented:
  parameter 'blockInfo'
/home/travis/build/robotology/wb-toolbox/toolbox/include/base/Block.h:112: warning: Found unknown command `\Note'
/home/travis/build/robotology/wb-toolbox/toolbox/include/YarpWrite.h:30: warning: argument 'S' of command @param is not found in the argument list of wbt::YarpWrite::configureSizeAndPorts(BlockInformation *blockInfo) inherited from member configureSizeAndPorts at line 107 in file /home/travis/build/robotology/wb-toolbox/toolbox/include/base/Block.h
/home/travis/build/robotology/wb-toolbox/toolbox/include/YarpWrite.h:30: warning: The following parameters of wbt::YarpWrite::configureSizeAndPorts(BlockInformation *blockInfo) are not documented:
  parameter 'blockInfo'
/home/travis/build/robotology/wb-toolbox/toolbox/include/base/Block.h:132: warning: Found unknown command `\Note'
/home/travis/build/robotology/wb-toolbox/toolbox/include/YarpWrite.h:31: warning: argument 'S' of command @param is not found in the argument list of wbt::YarpWrite::initialize(const BlockInformation *blockInfo) inherited from member initialize at line 129 in file /home/travis/build/robotology/wb-toolbox/toolbox/include/base/Block.h
/home/travis/build/robotology/wb-toolbox/toolbox/include/YarpWrite.h:31: warning: The following parameters of wbt::YarpWrite::initialize(const BlockInformation *blockInfo) are not documented:
  parameter 'blockInfo'
/home/travis/build/robotology/wb-toolbox/toolbox/include/YarpWrite.h:33: warning: argument 'S' of command @param is not found in the argument list of wbt::YarpWrite::output(const BlockInformation *blockInfo) inherited from member output at line 165 in file /home/travis/build/robotology/wb-toolbox/toolbox/include/base/Block.h
/home/travis/build/robotology/wb-toolbox/toolbox/include/base/Block.h:169: warning: expected whitespace after error command
/home/travis/build/robotology/wb-toolbox/toolbox/include/YarpWrite.h:33: warning: The following parameters of wbt::YarpWrite::output(const BlockInformation *blockInfo) are not documented:
  parameter 'blockInfo'
/home/travis/build/robotology/wb-toolbox/toolbox/include/YarpWrite.h:32: warning: argument 'S' of command @param is not found in the argument list of wbt::YarpWrite::terminate(const BlockInformation *blockInfo) inherited from member terminate at line 152 in file /home/travis/build/robotology/wb-toolbox/toolbox/include/base/Block.h
/home/travis/build/robotology/wb-toolbox/toolbox/include/YarpWrite.h:32: warning: The following parameters of wbt::YarpWrite::terminate(const BlockInformation *blockInfo) are not documented:
  parameter 'blockInfo'
ile /home/travis/build/robotology/wb-toolbox/toolbox/src/SetReferences.cpp...
Generating docs for file /home/travis/build/robotology/wb-toolbox/toolbox/src/SimulatorSynchronizer.cpp...
Generating docs for file /home/travis/build/robotology/wb-toolbox/toolbox/src/YarpClock.cpp...
Generating docs for file /home/travis/build/robotology/wb-toolbox/toolbox/src/YarpRead.cpp...
Generating docs for file /home/travis/build/robotology/wb-toolbox/toolbox/src/YarpWrite.cpp...
Generating page documentation...
Generating group documentation...
Generating class documentation...
Generating docs for compound Configuration...
Generating docs for compound iDynTreeRobotState...
Generating docs for compound ToolboxSingleton...
Generating namespace index...
Generating docs for namespace gazebo
Generating docs for compound gazebo::ClockServer...
Generating docs for compound gazebo::ClockServer_pauseSimulation...
Generating docs for compound gazebo::ClockServer_continueSimulation...
Generating docs for compound gazebo::ClockServer_stepSimulation...
Generating docs for compound gazebo::ClockServer_stepSimulationAndWait...
Generating docs for compound gazebo::ClockServer_resetSimulationTime...
Generating docs for compound gazebo::ClockServer_getSimulationTime...
Generating docs for compound gazebo::ClockServer_getStepSize...
Generating docs for namespace iCub
Generating docs for namespace iCub::ctrl
Generating docs for namespace iDynTree
Generating docs for namespace wbt
Generating docs for compound wbt::Block...
Generating docs for compound wbt::BlockInformation...
Generating docs for compound wbt::Configuration...
Generating docs for compound wbt::Log...
Generating docs for compound wbt::YarpInterfaces...
Generating docs for compound wbt::RobotInterface...
Generating docs for compound wbt::Signal...
Generating docs for compound wbt::SimulinkBlockInformation...
Generating docs for compound wbt::ToolboxSingleton...
Generating docs for compound wbt::WBBlock...
Generating docs for compound wbt::CentroidalMomentum...
Generating docs for compound wbt::DiscreteFilter...
Generating docs for compound wbt::DotJNu...
Generating docs for compound wbt::ForwardKinematics...
Generating docs for compound wbt::Limit...
Generating docs for compound wbt::GetLimits...
Generating docs for compound wbt::GetMeasurement...
Generating docs for compound wbt::InverseDynamics...
Generating docs for compound wbt::InverseKinematics...
Generating docs for nested compound wbt::InverseKinematics::InverseKinematicsPimpl...
Generating docs for compound wbt::Jacobian...
Generating docs for compound wbt::MassMatrix...
Generating docs for compound wbt::MinimumJerkTrajectoryGenerator...
Generating docs for compound wbt::ModelPartitioner...
Generating docs for compound wbt::RealTimeSynchronizer...
Generating docs for compound wbt::RemoteInverseKinematics...
Generating docs for nested compound wbt::RemoteInverseKinematics::RemoteInverseKinematicsPimpl...
Generating docs for nested compound wbt::RemoteInverseKinematics::RemoteInverseKinematicsPimpl::SolverRPCReader...
Generating docs for compound wbt::SetLowLevelPID...
Generating docs for compound wbt::SetReferences...
Generating docs for compound wbt::SimulatorSynchronizer...
Generating docs for nested compound SimulatorSynchronizer::RPCData...
Generating docs for compound wbt::YarpClock...
Generating docs for compound wbt::YarpRead...
Generating docs for compound wbt::YarpWrite...
Generating docs for namespace yarp
Generating docs for namespace yarp::dev
Generating docs for namespace yarp::os
Generating docs for compound yarp::os::BufferedPort...
Generating docs for namespace yarp::sig
Generating graph info page...
Generating directory documentation...
Generating dependency graph for directory /home/travis/build/robotology/wb-toolbox/toolbox/autogenerated
Generating dependency graph for directory /home/travis/build/robotology/wb-toolbox/toolbox/src/base
Generating dependency graph for directory /home/travis/build/robotology/wb-toolbox/toolbox/include/base
Generating dependency graph for directory /home/travis/build/robotology/wb-tool/home/travis/build/robotology/wb-toolbox/doc/doxygen/index.md:33: warning: Found unknown command `\ARTICLE'
box/toolbox/include
Generating dependency graph for directory /home/travis/build/robotology/wb-toolbox/toolbox/autogenerated/include
Generating dependency graph for directory /home/travis/build/robotology/wb-toolbox/toolbox/src
Generating dependency graph for directory /home/travis/build/robotology/wb-toolbox/toolbox/autogenerated/src
Generating dependency graph for directory /home/travis/build/robotology/wb-toolbox/toolbox/autogenerated/src/thrift
Generating dependency graph for directory /home/travis/build/robotology/wb-toolbox/toolbox/autogenerated/include/thrift
Generating dependency graph for directory /home/travis/build/robotology/wb-toolbox/toolbox
Generating index page...
Generating page index...
Generating module index...
Generating namespace index...
Generating namespace member index...
Generating annotated compound index...
Generating alphabetical compound index...
Generating hierarchical class index...
Generating graphical class hierarchy...
Generating member index...
Generating file index...
Generating file member index...
Generating example index...
finalizing index lists...
Running dot...
Generating dot graphs using 33 parallel threads...
Running dot for graph 1/158
Running dot for graph 2/158
Running dot for graph 3/158
Running dot for graph 4/158
Running dot for graph 5/158
Running dot for graph 6/158
Running dot for graph 7/158
Running dot for graph 8/158
Running dot for graph 9/158
Running dot for graph 10/158
Running dot for graph 11/158
Running dot for graph 12/158
Running dot for graph 13/158
Running dot for graph 14/158
Running dot for graph 15/158
Running dot for graph 16/158
Running dot for graph 17/158
Running dot for graph 18/158
Running dot for graph 19/158
Running dot for graph 20/158
Running dot for graph 21/158
Running dot for graph 22/158
Running dot for graph 23/158
Running dot for graph 24/158
Running dot for graph 25/158
Running dot for graph 26/158
Running dot for graph 27/158
Running dot for graph 28/158
Running dot for graph 29/158
Running dot for graph 30/158
Running dot for graph 31/158
Running dot for graph 32/158
Running dot for graph 33/158
Running dot for graph 34/158
Running dot for graph 35/158
Running dot for graph 36/158
Running dot for graph 37/158
Running dot for graph 38/158
Running dot for graph 39/158
Running dot for graph 40/158
Running dot for graph 41/158
Running dot for graph 42/158
Running dot for graph 43/158
Running dot for graph 44/158
Running dot for graph 45/158
Running dot for graph 46/158
Running dot for graph 47/158
Running dot for graph 48/158
Running dot for graph 49/158
Running dot for graph 50/158
Running dot for graph 51/158
Running dot for graph 52/158
Running dot for graph 53/158
Running dot for graph 54/158
Running dot for graph 55/158
Running dot for graph 56/158
Running dot for graph 57/158
Running dot for graph 58/158
Running dot for graph 59/158
Running dot for graph 60/158
Running dot for graph 61/158
Running dot for graph 62/158
Running dot for graph 63/158
Running dot for graph 64/158
Running dot for graph 65/158
Running dot for graph 66/158
Running dot for graph 67/158
Running dot for graph 68/158
Running dot for graph 69/158
Running dot for graph 70/158
Running dot for graph 71/158
Running dot for graph 72/158
Running dot for graph 73/158
Running dot for graph 74/158
Running dot for graph 75/158
Running dot for graph 76/158
Running dot for graph 77/158
Running dot for graph 78/158
Running dot for graph 79/158
Running dot for graph 80/158
Running dot for graph 81/158
Running dot for graph 82/158
Running dot for graph 83/158
Running dot for graph 84/158
Running dot for graph 85/158
Running dot for graph 86/158
Running dot for graph 87/158
Running dot for graph 88/158
Running dot for graph 89/158
Running dot for graph 90/158
Running dot for graph 91/158
Running dot for graph 92/158
Running dot for graph 93/158
Running dot for graph 94/158
Running dot for graph 95/158
Running dot for graph 96/158
Running dot for graph 97/158
Running dot for graph 98/158
Running dot for graph 99/158
Running dot for graph 100/158
Running dot for graph 101/158
Running dot for graph 102/158
Running dot for graph 103/158
Running dot for graph 104/158
Running dot for graph 105/158
Running dot for graph 106/158
Running dot for graph 107/158
Running dot for graph 108/158
Running dot for graph 109/158
Running dot for graph 110/158
Running dot for graph 111/158
Running dot for graph 112/158
Running dot for graph 113/158
Running dot for graph 114/158
Running dot for graph 115/158
Running dot for graph 116/158
Running dot for graph 117/158
Running dot for graph 118/158
Running dot for graph 119/158
Running dot for graph 120/158
Running dot for graph 121/158
Running dot for graph 122/158
Running dot for graph 123/158
Running dot for graph 124/158
Running dot for graph 125/158
Running dot for graph 126/158
Running dot for graph 127/158
Running dot for graph 128/158
Running dot for graph 129/158
Running dot for graph 130/158
Running dot for graph 131/158
Running dot for graph 132/158
Running dot for graph 133/158
Running dot for graph 134/158
Running dot for graph 135/158
Running dot for graph 136/158
Running dot for graph 137/158
Running dot for graph 138/158
Running dot for graph 139/158
Running dot for graph 140/158
Running dot for graph 141/158
Running dot for graph 142/158
Running dot for graph 143/158
Running dot for graph 144/158
Running dot for graph 145/158
Running dot for graph 146/158
Running dot for graph 147/158
Running dot for graph 148/158
Running dot for graph 149/158
Running dot for graph 150/158
Running dot for graph 151/158
Running dot for graph 152/158
Running dot for graph 153/158
Running dot for graph 154/158
Running dot for graph 155/158
Running dot for graph 156/158
Running dot for graph 157/158
Running dot for graph 158/158
Patching output file 1/265
Patching output file 2/265
Patching output file 3/265
Patching output file 4/265
Patching output file 5/265
Patching output file 6/265
Patching output file 7/265
Patching output file 8/265
Patching output file 9/265
Patching output file 10/265
Patching output file 11/265
Patching output file 12/265
Patching output file 13/265
Patching output file 14/265
Patching output file 15/265
Patching output file 16/265
Patching output file 17/265
Patching output file 18/265
Patching output file 19/265
Patching output file 20/265
Patching output file 21/265
Patching output file 22/265
Patching output file 23/265
Patching output file 24/265
Patching output file 25/265
Patching output file 26/265
Patching output file 27/265
Patching output file 28/265
Patching output file 29/265
Patching output file 30/265
Patching output file 31/265
Patching output file 32/265
Patching output file 33/265
Patching output file 34/265
Patching output file 35/265
Patching output file 36/265
Patching output file 37/265
Patching output file 38/265
Patching output file 39/265
Patching output file 40/265
Patching output file 41/265
Patching output file 42/265
Patching output file 43/265
Patching output file 44/265
Patching output file 45/265
Patching output file 46/265
Patching output file 47/265
Patching output file 48/265
Patching output file 49/265
Patching output file 50/265
Patching output file 51/265
Patching output file 52/265
Patching output file 53/265
Patching output file 54/265
Patching output file 55/265
Patching output file 56/265
Patching output file 57/265
Patching output file 58/265
Patching output file 59/265
Patching output file 60/265
Patching output file 61/265
Patching output file 62/265
Patching output file 63/265
Patching output file 64/265
Patching output file 65/265
Patching output file 66/265
Patching output file 67/265
Patching output file 68/265
Patching output file 69/265
Patching output file 70/265
Patching output file 71/265
Patching output file 72/265
Patching output file 73/265
Patching output file 74/265
Patching output file 75/265
Patching output file 76/265
Patching output file 77/265
Patching output file 78/265
Patching output file 79/265
Patching output file 80/265
Patching output file 81/265
Patching output file 82/265
Patching output file 83/265
Patching output file 84/265
Patching output file 85/265
Patching output file 86/265
Patching output file 87/265
Patching output file 88/265
Patching output file 89/265
Patching output file 90/265
Patching output file 91/265
Patching output file 92/265
Patching output file 93/265
Patching output file 94/265
Patching output file 95/265
Patching output file 96/265
Patching output file 97/265
Patching output file 98/265
Patching output file 99/265
Patching output file 100/265
Patching output file 101/265
Patching output file 102/265
Patching output file 103/265
Patching output file 104/265
Patching output file 105/265
Patching output file 106/265
Patching output file 107/265
Patching output file 108/265
Patching output file 109/265
Patching output file 110/265
Patching output file 111/265
Patching output file 112/265
Patching output file 113/265
Patching output file 114/265
Patching output file 115/265
Patching output file 116/265
Patching output file 117/265
Patching output file 118/265
Patching output file 119/265
Patching output file 120/265
Patching output file 121/265
Patching output file 122/265
Patching output file 123/265
Patching output file 124/265
Patching output file 125/265
Patching output file 126/265
Patching output file 127/265
Patching output file 128/265
Patching output file 129/265
Patching output file 130/265
Patching output file 131/265
Patching output file 132/265
Patching output file 133/265
Patching output file 134/265
Patching output file 135/265
Patching output file 136/265
Patching output file 137/265
Patching output file 138/265
Patching output file 139/265
Patching output file 140/265
Patching output file 141/265
Patching output file 142/265
Patching output file 143/265
Patching output file 144/265
Patching output file 145/265
Patching output file 146/265
Patching output file 147/265
Patching output file 148/265
Patching output file 149/265
Patching output file 150/265
Patching output file 151/265
Patching output file 152/265
Patching output file 153/265
Patching output file 154/265
Patching output file 155/265
Patching output file 156/265
Patching output file 157/265
Patching output file 158/265
Patching output file 159/265
Patching output file 160/265
Patching output file 161/265
Patching output file 162/265
Patching output file 163/265
Patching output file 164/265
Patching output file 165/265
Patching output file 166/265
Patching output file 167/265
Patching output file 168/265
Patching output file 169/265
Patching output file 170/265
Patching output file 171/265
Patching output file 172/265
Patching output file 173/265
Patching output file 174/265
Patching output file 175/265
Patching output file 176/265
Patching output file 177/265
Patching output file 178/265
Patching output file 179/265
Patching output file 180/265
Patching output file 181/265
Patching output file 182/265
Patching output file 183/265
Patching output file 184/265
Patching output file 185/265
Patching output file 186/265
Patching output file 187/265
Patching output file 188/265
Patching output file 189/265
Patching output file 190/265
Patching output file 191/265
Patching output file 192/265
Patching output file 193/265
Patching output file 194/265
Patching output file 195/265
Patching output file 196/265
Patching output file 197/265
Patching output file 198/265
Patching output file 199/265
Patching output file 200/265
Patching output file 201/265
Patching output file 202/265
Patching output file 203/265
Patching output file 204/265
Patching output file 205/265
Patching output file 206/265
Patching output file 207/265
Patching output file 208/265
Patching output file 209/265
Patching output file 210/265
Patching output file 211/265
Patching output file 212/265
Patching output file 213/265
Patching output file 214/265
Patching output file 215/265
Patching output file 216/265
Patching output file 217/265
Patching output file 218/265
Patching output file 219/265
Patching output file 220/265
Patching output file 221/265
Patching output file 222/265
Patching output file 223/265
Patching output file 224/265
Patching output file 225/265
Patching output file 226/265
Patching output file 227/265
Patching output file 228/265
Patching output file 229/265
Patching output file 230/265
Patching output file 231/265
Patching output file 232/265
Patching output file 233/265
Patching output file 234/265
Patching output file 235/265
Patching output file 236/265
Patching output file 237/265
Patching output file 238/265
Patching output file 239/265
Patching output file 240/265
Patching output file 241/265
Patching output file 242/265
Patching output file 243/265
Patching output file 244/265
Patching output file 245/265
Patching output file 246/265
Patching output file 247/265
Patching output file 248/265
Patching output file 249/265
Patching output file 250/265
Patching output file 251/265
Patching output file 252/265
Patching output file 253/265
Patching output file 254/265
Patching output file 255/265
Patching output file 256/265
Patching output file 257/265
Patching output file 258/265
Patching output file 259/265
Patching output file 260/265
Patching output file 261/265
Patching output file 262/265
Patching output file 263/265
Patching output file 264/265
Patching output file 265/265
lookup cache used 1058/65536 hits=5423 misses=1103
finished...
